2022-03-22 11:09:57.157  INFO 34488 --- [main] c.ovation.health.user.service.RedisTest  : Starting RedisTest on DESKTOP-3EUJQE3 with PID 34488 (started by 6E ALIENWARE in D:\li\work\code\springboot_oh\user)
2022-03-22 11:09:57.158 DEBUG 34488 --- [main] c.ovation.health.user.service.RedisTest  : Running with Spring Boot v2.3.5.RELEASE, Spring v5.2.10.RELEASE
2022-03-22 11:09:57.159  INFO 34488 --- [main] c.ovation.health.user.service.RedisTest  : No active profile set, falling back to default profiles: default
2022-03-22 11:09:57.893  INFO 34488 --- [main] .s.d.r.c.RepositoryConfigurationDelegate : Multiple Spring Data modules found, entering strict repository configuration mode!
2022-03-22 11:09:57.897  INFO 34488 --- [main] .s.d.r.c.RepositoryConfigurationDelegate : Bootstrapping Spring Data Redis repositories in DEFAULT mode.
2022-03-22 11:09:57.932  INFO 34488 --- [main] .s.d.r.c.RepositoryConfigurationDelegate : Finished Spring Data repository scanning in 19ms. Found 0 Redis repository interfaces.
2022-03-22 11:09:58.621  INFO 34488 --- [main] trationDelegate$BeanPostProcessorChecker : Bean 'spring.datasource.dynamic-com.baomidou.dynamic.datasource.spring.boot.autoconfigure.DynamicDataSourceProperties' of type [com.baomidou.dynamic.datasource.spring.boot.autoconfigure.DynamicDataSourceProperties] is not eligible for getting processed by all BeanPostProcessors (for example: not eligible for auto-proxying)
2022-03-22 11:09:58.632  INFO 34488 --- [main] trationDelegate$BeanPostProcessorChecker : Bean 'com.baomidou.dynamic.datasource.spring.boot.autoconfigure.DynamicDataSourceAutoConfiguration' of type [com.baomidou.dynamic.datasource.spring.boot.autoconfigure.DynamicDataSourceAutoConfiguration$$EnhancerBySpringCGLIB$$7b79273] is not eligible for getting processed by all BeanPostProcessors (for example: not eligible for auto-proxying)
2022-03-22 11:09:58.787  INFO 34488 --- [main] trationDelegate$BeanPostProcessorChecker : Bean 'dsProcessor' of type [com.baomidou.dynamic.datasource.processor.DsHeaderProcessor] is not eligible for getting processed by all BeanPostProcessors (for example: not eligible for auto-proxying)
2022-03-22 11:09:59.136  INFO 34488 --- [main] com.zaxxer.hikari.HikariDataSource       : master - Starting...
2022-03-22 11:09:59.393  INFO 34488 --- [main] com.zaxxer.hikari.HikariDataSource       : master - Start completed.
2022-03-22 11:09:59.396  INFO 34488 --- [main] com.zaxxer.hikari.HikariDataSource       : slave - Starting...
2022-03-22 11:09:59.404  INFO 34488 --- [main] com.zaxxer.hikari.HikariDataSource       : slave - Start completed.
2022-03-22 11:09:59.404  INFO 34488 --- [main] c.b.d.d.DynamicRoutingDataSource         : dynamic-datasource - add a datasource named [slave] success
2022-03-22 11:09:59.404  INFO 34488 --- [main] c.b.d.d.DynamicRoutingDataSource         : dynamic-datasource - add a datasource named [master] success
2022-03-22 11:09:59.404  INFO 34488 --- [main] c.b.d.d.DynamicRoutingDataSource         : dynamic-datasource initial loaded [2] datasource,primary datasource named [master]
2022-03-22 11:10:01.011  INFO 34488 --- [main] o.s.s.concurrent.ThreadPoolTaskExecutor  : Initializing ExecutorService 'applicationTaskExecutor'
2022-03-22 11:10:01.697  INFO 34488 --- [main] c.ovation.health.user.service.RedisTest  : Started RedisTest in 5.114 seconds (JVM running for 6.859)
2022-03-22 11:10:02.313  INFO 34488 --- [main] .b.t.c.SpringBootTestContextBootstrapper : Neither @ContextConfiguration nor @ContextHierarchy found for test class [com.ovation.health.user.service.UserServiceTest], using SpringBootContextLoader
2022-03-22 11:10:02.314  INFO 34488 --- [main] o.s.t.c.support.AbstractContextLoader    : Could not detect default resource locations for test class [com.ovation.health.user.service.UserServiceTest]: no resource found for suffixes {-context.xml, Context.groovy}.
2022-03-22 11:10:02.315  INFO 34488 --- [main] t.c.s.AnnotationConfigContextLoaderUtils : Could not detect default configuration classes for test class [com.ovation.health.user.service.UserServiceTest]: UserServiceTest does not declare any static, non-private, non-final, nested classes annotated with @Configuration.
2022-03-22 11:10:02.317  INFO 34488 --- [main] .b.t.c.SpringBootTestContextBootstrapper : Found @SpringBootConfiguration com.ovation.health.user.UserApplication for test class com.ovation.health.user.service.UserServiceTest
2022-03-22 11:10:02.320  INFO 34488 --- [main] .b.t.c.SpringBootTestContextBootstrapper : Loaded default TestExecutionListener class names from location [META-INF/spring.factories]: [org.springframework.boot.test.mock.mockito.MockitoTestExecutionListener, org.springframework.boot.test.mock.mockito.ResetMocksTestExecutionListener, org.springframework.boot.test.autoconfigure.restdocs.RestDocsTestExecutionListener, org.springframework.boot.test.autoconfigure.web.client.MockRestServiceServerResetTestExecutionListener, org.springframework.boot.test.autoconfigure.web.servlet.MockMvcPrintOnlyOnFailureTestExecutionListener, org.springframework.boot.test.autoconfigure.web.servlet.WebDriverTestExecutionListener, org.springframework.boot.test.autoconfigure.webservices.client.MockWebServiceServerTestExecutionListener, org.springframework.test.context.web.ServletTestExecutionListener, org.springframework.test.context.support.DirtiesContextBeforeModesTestExecutionListener, org.springframework.test.context.support.DependencyInjectionTestExecutionListener, org.springframework.test.context.support.DirtiesContextTestExecutionListener, org.springframework.test.context.transaction.TransactionalTestExecutionListener, org.springframework.test.context.jdbc.SqlScriptsTestExecutionListener, org.springframework.test.context.event.EventPublishingTestExecutionListener]
2022-03-22 11:10:02.320  INFO 34488 --- [main] .b.t.c.SpringBootTestContextBootstrapper : Using TestExecutionListeners: [org.springframework.test.context.web.ServletTestExecutionListener@53917c92, org.springframework.test.context.support.DirtiesContextBeforeModesTestExecutionListener@1fa796a4, org.springframework.boot.test.mock.mockito.MockitoTestExecutionListener@68de8522, org.springframework.boot.test.autoconfigure.SpringBootDependencyInjectionTestExecutionListener@8dcacf1, org.springframework.test.context.support.DirtiesContextTestExecutionListener@50f13494, org.springframework.test.context.transaction.TransactionalTestExecutionListener@73c09a98, org.springframework.test.context.jdbc.SqlScriptsTestExecutionListener@6f2bf657, org.springframework.test.context.event.EventPublishingTestExecutionListener@27d6467, org.springframework.boot.test.mock.mockito.ResetMocksTestExecutionListener@5bf1b528, org.springframework.boot.test.autoconfigure.restdocs.RestDocsTestExecutionListener@2c92f094, org.springframework.boot.test.autoconfigure.web.client.MockRestServiceServerResetTestExecutionListener@1c3b221f, org.springframework.boot.test.autoconfigure.web.servlet.MockMvcPrintOnlyOnFailureTestExecutionListener@750c23a3, org.springframework.boot.test.autoconfigure.web.servlet.WebDriverTestExecutionListener@238280df, org.springframework.boot.test.autoconfigure.webservices.client.MockWebServiceServerTestExecutionListener@182fd26b]
2022-03-22 11:10:02.330  INFO 34488 --- [main] .b.t.c.SpringBootTestContextBootstrapper : Neither @ContextConfiguration nor @ContextHierarchy found for test class [com.ovation.health.user.UserApplicationTests], using SpringBootContextLoader
2022-03-22 11:10:02.331  INFO 34488 --- [main] o.s.t.c.support.AbstractContextLoader    : Could not detect default resource locations for test class [com.ovation.health.user.UserApplicationTests]: no resource found for suffixes {-context.xml, Context.groovy}.
2022-03-22 11:10:02.332  INFO 34488 --- [main] t.c.s.AnnotationConfigContextLoaderUtils : Could not detect default configuration classes for test class [com.ovation.health.user.UserApplicationTests]: UserApplicationTests does not declare any static, non-private, non-final, nested classes annotated with @Configuration.
2022-03-22 11:10:02.337  INFO 34488 --- [main] .b.t.c.SpringBootTestContextBootstrapper : Found @SpringBootConfiguration com.ovation.health.user.UserApplication for test class com.ovation.health.user.UserApplicationTests
2022-03-22 11:10:02.339  INFO 34488 --- [main] .b.t.c.SpringBootTestContextBootstrapper : Loaded default TestExecutionListener class names from location [META-INF/spring.factories]: [org.springframework.boot.test.mock.mockito.MockitoTestExecutionListener, org.springframework.boot.test.mock.mockito.ResetMocksTestExecutionListener, org.springframework.boot.test.autoconfigure.restdocs.RestDocsTestExecutionListener, org.springframework.boot.test.autoconfigure.web.client.MockRestServiceServerResetTestExecutionListener, org.springframework.boot.test.autoconfigure.web.servlet.MockMvcPrintOnlyOnFailureTestExecutionListener, org.springframework.boot.test.autoconfigure.web.servlet.WebDriverTestExecutionListener, org.springframework.boot.test.autoconfigure.webservices.client.MockWebServiceServerTestExecutionListener, org.springframework.test.context.web.ServletTestExecutionListener, org.springframework.test.context.support.DirtiesContextBeforeModesTestExecutionListener, org.springframework.test.context.support.DependencyInjectionTestExecutionListener, org.springframework.test.context.support.DirtiesContextTestExecutionListener, org.springframework.test.context.transaction.TransactionalTestExecutionListener, org.springframework.test.context.jdbc.SqlScriptsTestExecutionListener, org.springframework.test.context.event.EventPublishingTestExecutionListener]
2022-03-22 11:10:02.339  INFO 34488 --- [main] .b.t.c.SpringBootTestContextBootstrapper : Using TestExecutionListeners: [org.springframework.test.context.web.ServletTestExecutionListener@182dcd2b, org.springframework.test.context.support.DirtiesContextBeforeModesTestExecutionListener@4c3d72fd, org.springframework.boot.test.mock.mockito.MockitoTestExecutionListener@259c6ab8, org.springframework.boot.test.autoconfigure.SpringBootDependencyInjectionTestExecutionListener@640a6d4b, org.springframework.test.context.support.DirtiesContextTestExecutionListener@1238a074, org.springframework.test.context.transaction.TransactionalTestExecutionListener@35b58254, org.springframework.test.context.jdbc.SqlScriptsTestExecutionListener@73baf7f0, org.springframework.test.context.event.EventPublishingTestExecutionListener@446dacf9, org.springframework.boot.test.mock.mockito.ResetMocksTestExecutionListener@13018f00, org.springframework.boot.test.autoconfigure.restdocs.RestDocsTestExecutionListener@abf1816, org.springframework.boot.test.autoconfigure.web.client.MockRestServiceServerResetTestExecutionListener@2e1e7bc6, org.springframework.boot.test.autoconfigure.web.servlet.MockMvcPrintOnlyOnFailureTestExecutionListener@7bd1098, org.springframework.boot.test.autoconfigure.web.servlet.WebDriverTestExecutionListener@185bf6e0, org.springframework.boot.test.autoconfigure.webservices.client.MockWebServiceServerTestExecutionListener@6a562255]
2022-03-22 11:10:02.524 DEBUG 34488 --- [main] c.o.h.user.mapper.UserMapper.insert      : ==>  Preparing: INSERT INTO pub_user ( name, email, tel, address, blood_type, passw ) VALUES ( ?, ?, ?, ?, ?, ? ) 
2022-03-22 11:10:02.571 DEBUG 34488 --- [main] c.o.h.user.mapper.UserMapper.insert      : ==> Parameters: testSave4(String), testSave4@xkcoding.com(String), 17300000004(String), 3e358b41d88c47e08b3fd9484a2ec6ee(String), 1(String), bf0959aa3ba11c4a22746940ece85a96(String)
2022-03-22 11:10:02.578 DEBUG 34488 --- [main] c.o.h.user.mapper.UserMapper.insert      : ==> Parameters: testSave5(String), testSave5@xkcoding.com(String), 17300000005(String), 32d086de0e9d46ddbdfe986a09f292b3(String), 1(String), 463cf2d32353f9f5414b3b4ea0b95434(String)
2022-03-22 11:10:02.582 DEBUG 34488 --- [main] c.o.h.user.mapper.UserMapper.insert      : ==> Parameters: testSave6(String), testSave6@xkcoding.com(String), 17300000006(String), 2e0e5dc3f98f407baef185ef650d74f8(String), 1(String), 18a8b0e88b905cf01d8843c9ff83d509(String)
2022-03-22 11:10:02.585 DEBUG 34488 --- [main] c.o.h.user.mapper.UserMapper.insert      : ==> Parameters: testSave7(String), testSave7@xkcoding.com(String), 17300000007(String), edb59fcc35b442b5abcb6c1bdf21774e(String), 1(String), 94300421bdd36f43dbdcb8d3155ff25a(String)
2022-03-22 11:10:02.587 DEBUG 34488 --- [main] c.o.h.user.mapper.UserMapper.insert      : ==> Parameters: testSave8(String), testSave8@xkcoding.com(String), 17300000008(String), e31f28ec8cfe4822a6f62bd8083daf2b(String), 1(String), b3af6d1f8a5328bf8b85721897866320(String)
2022-03-22 11:10:02.589 DEBUG 34488 --- [main] c.o.h.user.mapper.UserMapper.insert      : ==> Parameters: testSave9(String), testSave9@xkcoding.com(String), 17300000009(String), 804254feeb46497fbf073cff8c27fea9(String), 1(String), 58f660c2385ba988c2427ce4bee6d51a(String)
2022-03-22 11:10:02.591 DEBUG 34488 --- [main] c.o.h.user.mapper.UserMapper.insert      : ==> Parameters: testSave10(String), testSave10@xkcoding.com(String), 173000000010(String), b29c4f11d1bf4a658e07a82e8123a4cf(String), 1(String), 120a66366f84c868bbba2a2469534295(String)
2022-03-22 11:10:02.596 DEBUG 34488 --- [main] c.o.h.user.mapper.UserMapper.insert      : ==> Parameters: testSave11(String), testSave11@xkcoding.com(String), 173000000011(String), ff6bd08c92044eb59bfda5e36f3d16a3(String), 1(String), b161aaa70feee3f57718aab3ec545327(String)
2022-03-22 11:10:02.599 DEBUG 34488 --- [main] c.o.h.user.mapper.UserMapper.insert      : ==> Parameters: testSave12(String), testSave12@xkcoding.com(String), 173000000012(String), cc4a097887614e0580ee68c9af604bff(String), 1(String), 2ba95b4c9588d0c7b2c48818eb0c0e80(String)
2022-03-22 11:10:02.602 DEBUG 34488 --- [main] c.o.h.user.mapper.UserMapper.insert      : ==> Parameters: testSave13(String), testSave13@xkcoding.com(String), 173000000013(String), 8d8babdbb3a249b2bcf14ef727a981fd(String), 1(String), 69cf38fb48819b65e1e1abbaf37a4ea6(String)
2022-03-22 11:10:02.900 DEBUG 34488 --- [main] c.o.h.user.mapper.UserMapper.insert      : ==>  Preparing: INSERT INTO pub_user ( code, name, email, tel, address, blood_type, passw ) VALUES ( ?, ?, ?, ?, ?, ?, ? ) 
2022-03-22 11:10:02.901 DEBUG 34488 --- [main] c.o.h.user.mapper.UserMapper.insert      : ==> Parameters: 713fe9666e504a8383a6008ba3df6f09(String), testSave3(String), testSave3@xkcoding.com(String), 17300000003(String), 2331223e877c4046a4ffa21d3ce3d083(String), 1(String), 6657fe94e76432ecd0971e16c36f7e4a(String)
2022-03-22 11:10:02.950 DEBUG 34488 --- [main] c.o.h.user.mapper.UserMapper.insert      : <==    Updates: 1
2022-03-22 11:10:04.972 DEBUG 34488 --- [main] c.o.h.user.mapper.UserMapper.selectList  : ==>  Preparing: SELECT id,code,name,email,tel,id_card,birth_date,sex,address,blood_type,hight,weight,passw,regtime,equ_code,isvalid,user_image,memo,region_code,is_formal,nim_token,unionid,hab_address,birth_address,weixin,bcg_code FROM pub_user 
2022-03-22 11:10:04.973 DEBUG 34488 --- [main] c.o.h.user.mapper.UserMapper.selectList  : ==> Parameters: 
2022-03-22 11:10:05.063 DEBUG 34488 --- [main] c.o.h.user.mapper.UserMapper.selectById  : ==>  Preparing: SELECT id,code,name,email,tel,id_card,birth_date,sex,address,blood_type,hight,weight,passw,regtime,equ_code,isvalid,user_image,memo,region_code,is_formal,nim_token,unionid,hab_address,birth_address,weixin,bcg_code FROM pub_user WHERE id=? 
2022-03-22 11:10:05.063 DEBUG 34488 --- [main] c.o.h.user.mapper.UserMapper.selectById  : ==> Parameters: 1(Long)
2022-03-22 11:10:05.070 DEBUG 34488 --- [main] c.o.h.user.mapper.UserMapper.insert      : ==>  Preparing: INSERT INTO pub_user ( name, email, tel, address, blood_type, passw ) VALUES ( ?, ?, ?, ?, ?, ? ) 
2022-03-22 11:10:05.071 DEBUG 34488 --- [main] c.o.h.user.mapper.UserMapper.insert      : ==> Parameters: testSave4(String), testSave4@xkcoding.com(String), 17300000004(String), 7e8c181762f045e89e82ce8b03a4e930(String), 1(String), e1ab3240963e036c82d416f5330127b3(String)
2022-03-22 11:10:05.072 DEBUG 34488 --- [main] c.o.h.user.mapper.UserMapper.insert      : ==> Parameters: testSave5(String), testSave5@xkcoding.com(String), 17300000005(String), f01a3db982ea45c68de845a343fa4b42(String), 1(String), c02be100d5e0f18327ec47580d9f32a8(String)
2022-03-22 11:10:05.073 DEBUG 34488 --- [main] c.o.h.user.mapper.UserMapper.insert      : ==> Parameters: testSave6(String), testSave6@xkcoding.com(String), 17300000006(String), 5fd608ea3f24461db20f3c11c8c19b5e(String), 1(String), c1a689b7f7f024e59ceaa62852baa1f5(String)
2022-03-22 11:10:05.074 DEBUG 34488 --- [main] c.o.h.user.mapper.UserMapper.insert      : ==> Parameters: testSave7(String), testSave7@xkcoding.com(String), 17300000007(String), 9d1a6418681243099fb217a9af04a3b4(String), 1(String), 3526b9a2deada0437931b9567186dad7(String)
2022-03-22 11:10:05.075 DEBUG 34488 --- [main] c.o.h.user.mapper.UserMapper.insert      : ==> Parameters: testSave8(String), testSave8@xkcoding.com(String), 17300000008(String), 99f228715db64abba9dd275d4ef43ff5(String), 1(String), b9c1486b8374903f07d9262a7f9dbb78(String)
2022-03-22 11:10:05.076 DEBUG 34488 --- [main] c.o.h.user.mapper.UserMapper.insert      : ==> Parameters: testSave9(String), testSave9@xkcoding.com(String), 17300000009(String), b824938e9c854896bedf0c7dc7ded073(String), 1(String), fb2963b1afe8404cf123b87e8d5a1639(String)
2022-03-22 11:10:05.077 DEBUG 34488 --- [main] c.o.h.user.mapper.UserMapper.insert      : ==> Parameters: testSave10(String), testSave10@xkcoding.com(String), 173000000010(String), aa59c84f29fe40109a63af49d14bb267(String), 1(String), 643497453385b871cef4a5a3429783c8(String)
2022-03-22 11:10:05.078 DEBUG 34488 --- [main] c.o.h.user.mapper.UserMapper.insert      : ==> Parameters: testSave11(String), testSave11@xkcoding.com(String), 173000000011(String), cbf98947e66747e3ba824f652affaa31(String), 1(String), 3f7b0c0159bcdf1a52d46d32fdd128fe(String)
2022-03-22 11:10:05.080 DEBUG 34488 --- [main] c.o.h.user.mapper.UserMapper.insert      : ==> Parameters: testSave12(String), testSave12@xkcoding.com(String), 173000000012(String), 3bc5dea025f549dfa5b20a92461ac096(String), 1(String), 2a06f390e44c879736d8c7bb04a35fb4(String)
2022-03-22 11:10:05.080 DEBUG 34488 --- [main] c.o.h.user.mapper.UserMapper.insert      : ==> Parameters: testSave13(String), testSave13@xkcoding.com(String), 173000000013(String), 12b2095eae484cb8992bfebf85a60040(String), 1(String), 2ac1a3b72f232cef2279a5c8c5a3c47e(String)
2022-03-22 11:10:05.089 DEBUG 34488 --- [main] c.o.h.user.mapper.UserMapper.deleteById  : ==>  Preparing: DELETE FROM pub_user WHERE id=? 
2022-03-22 11:10:05.090 DEBUG 34488 --- [main] c.o.h.user.mapper.UserMapper.deleteById  : ==> Parameters: 1(Long)
2022-03-22 11:10:05.103 DEBUG 34488 --- [main] c.o.h.user.mapper.UserMapper.deleteById  : <==    Updates: 1
2022-03-22 11:10:05.104 DEBUG 34488 --- [main] c.o.h.user.mapper.UserMapper.selectById  : ==>  Preparing: SELECT id,code,name,email,tel,id_card,birth_date,sex,address,blood_type,hight,weight,passw,regtime,equ_code,isvalid,user_image,memo,region_code,is_formal,nim_token,unionid,hab_address,birth_address,weixin,bcg_code FROM pub_user WHERE id=? 
2022-03-22 11:10:05.105 DEBUG 34488 --- [main] c.o.h.user.mapper.UserMapper.selectById  : ==> Parameters: 1(Long)
2022-03-22 11:10:05.110 DEBUG 34488 --- [main] c.o.h.user.mapper.UserMapper.selectById  : ==>  Preparing: SELECT id,code,name,email,tel,id_card,birth_date,sex,address,blood_type,hight,weight,passw,regtime,equ_code,isvalid,user_image,memo,region_code,is_formal,nim_token,unionid,hab_address,birth_address,weixin,bcg_code FROM pub_user WHERE id=? 
2022-03-22 11:10:05.110 DEBUG 34488 --- [main] c.o.h.user.mapper.UserMapper.selectById  : ==> Parameters: 1(Long)
2022-03-22 11:10:05.118 DEBUG 34488 --- [main] c.o.h.user.mapper.UserMapper.insert      : ==>  Preparing: INSERT INTO pub_user ( name, email, tel, address, blood_type, passw ) VALUES ( ?, ?, ?, ?, ?, ? ) 
2022-03-22 11:10:05.118 DEBUG 34488 --- [main] c.o.h.user.mapper.UserMapper.insert      : ==> Parameters: testSave4(String), testSave4@xkcoding.com(String), 17300000004(String), ac756f1320a244a69b3daed9d4027789(String), 1(String), 712cc2e903f83649059b5913f124367f(String)
2022-03-22 11:10:05.119 DEBUG 34488 --- [main] c.o.h.user.mapper.UserMapper.insert      : ==> Parameters: testSave5(String), testSave5@xkcoding.com(String), 17300000005(String), 387c98dd1c2348ceb9ce907e2741a461(String), 1(String), a0ab5d53556aefcdef88625edf57b6c1(String)
2022-03-22 11:10:05.120 DEBUG 34488 --- [main] c.o.h.user.mapper.UserMapper.insert      : ==> Parameters: testSave6(String), testSave6@xkcoding.com(String), 17300000006(String), 325cf7ade45443958aada58fb049c8ad(String), 1(String), ad8b448cfb5173c3d4e938f3d200972b(String)
2022-03-22 11:10:05.121 DEBUG 34488 --- [main] c.o.h.user.mapper.UserMapper.insert      : ==> Parameters: testSave7(String), testSave7@xkcoding.com(String), 17300000007(String), ad271797a3674ed6b4f15cf35f2995d4(String), 1(String), 6df1431fb3bfe83a8802ed56332840c0(String)
2022-03-22 11:10:05.122 DEBUG 34488 --- [main] c.o.h.user.mapper.UserMapper.insert      : ==> Parameters: testSave8(String), testSave8@xkcoding.com(String), 17300000008(String), b2d8bc50ef4c4de69ae53b8697f7f861(String), 1(String), f3203165fad2a8ff5dd077781077a45e(String)
2022-03-22 11:10:05.123 DEBUG 34488 --- [main] c.o.h.user.mapper.UserMapper.insert      : ==> Parameters: testSave9(String), testSave9@xkcoding.com(String), 17300000009(String), 74738f16d789414fb5d2ebc7c1dfbf1d(String), 1(String), 7375d1ea6e83640b6c19366bd5671da9(String)
2022-03-22 11:10:05.124 DEBUG 34488 --- [main] c.o.h.user.mapper.UserMapper.insert      : ==> Parameters: testSave10(String), testSave10@xkcoding.com(String), 173000000010(String), daa3a0f9439d491c9b1dfd07d0dee327(String), 1(String), 0d92c35cb477530a692f5a47a0fb44bf(String)
2022-03-22 11:10:05.125 DEBUG 34488 --- [main] c.o.h.user.mapper.UserMapper.insert      : ==> Parameters: testSave11(String), testSave11@xkcoding.com(String), 173000000011(String), 4b0779bc79534ddeb4cd4078defa7415(String), 1(String), 5417f05fc7ef3359ceda6da784f87e74(String)
2022-03-22 11:10:05.125 DEBUG 34488 --- [main] c.o.h.user.mapper.UserMapper.insert      : ==> Parameters: testSave12(String), testSave12@xkcoding.com(String), 173000000012(String), c70174c86603422ea218d879372bee9c(String), 1(String), 01564c8c3637870084ef2b1fa1d50488(String)
2022-03-22 11:10:05.126 DEBUG 34488 --- [main] c.o.h.user.mapper.UserMapper.insert      : ==> Parameters: testSave13(String), testSave13@xkcoding.com(String), 173000000013(String), 66fe316cbe464909adedefbd0ba91dd2(String), 1(String), 92d24855dd2510ecf5517930ca1fff31(String)
2022-03-22 11:10:05.209  INFO 34488 --- [SpringContextShutdownHook] o.s.s.concurrent.ThreadPoolTaskExecutor  : Shutting down ExecutorService 'applicationTaskExecutor'
2022-03-22 11:10:05.330  INFO 34488 --- [SpringContextShutdownHook] c.b.d.d.DynamicRoutingDataSource         : dynamic-datasource start closing ....
2022-03-22 11:10:05.331  INFO 34488 --- [SpringContextShutdownHook] com.zaxxer.hikari.HikariDataSource       : slave - Shutdown initiated...
2022-03-22 11:10:05.340  INFO 34488 --- [SpringContextShutdownHook] com.zaxxer.hikari.HikariDataSource       : slave - Shutdown completed.
2022-03-22 11:10:05.340  INFO 34488 --- [SpringContextShutdownHook] com.zaxxer.hikari.HikariDataSource       : master - Shutdown initiated...
2022-03-22 11:10:05.347  INFO 34488 --- [SpringContextShutdownHook] com.zaxxer.hikari.HikariDataSource       : master - Shutdown completed.
2022-03-22 11:10:05.348  INFO 34488 --- [SpringContextShutdownHook] c.b.d.d.DynamicRoutingDataSource         : dynamic-datasource all closed success,bye
2022-03-22 11:10:36.223  INFO 22608 --- [main] c.ovation.health.user.service.RedisTest  : Starting RedisTest on DESKTOP-3EUJQE3 with PID 22608 (started by 6E ALIENWARE in D:\li\work\code\springboot_oh\user)
2022-03-22 11:10:36.225 DEBUG 22608 --- [main] c.ovation.health.user.service.RedisTest  : Running with Spring Boot v2.3.5.RELEASE, Spring v5.2.10.RELEASE
2022-03-22 11:10:36.226  INFO 22608 --- [main] c.ovation.health.user.service.RedisTest  : No active profile set, falling back to default profiles: default
2022-03-22 11:10:37.112  INFO 22608 --- [main] .s.d.r.c.RepositoryConfigurationDelegate : Multiple Spring Data modules found, entering strict repository configuration mode!
2022-03-22 11:10:37.115  INFO 22608 --- [main] .s.d.r.c.RepositoryConfigurationDelegate : Bootstrapping Spring Data Redis repositories in DEFAULT mode.
2022-03-22 11:10:37.157  INFO 22608 --- [main] .s.d.r.c.RepositoryConfigurationDelegate : Finished Spring Data repository scanning in 23ms. Found 0 Redis repository interfaces.
2022-03-22 11:10:37.685  INFO 22608 --- [main] trationDelegate$BeanPostProcessorChecker : Bean 'spring.datasource.dynamic-com.baomidou.dynamic.datasource.spring.boot.autoconfigure.DynamicDataSourceProperties' of type [com.baomidou.dynamic.datasource.spring.boot.autoconfigure.DynamicDataSourceProperties] is not eligible for getting processed by all BeanPostProcessors (for example: not eligible for auto-proxying)
2022-03-22 11:10:37.692  INFO 22608 --- [main] trationDelegate$BeanPostProcessorChecker : Bean 'com.baomidou.dynamic.datasource.spring.boot.autoconfigure.DynamicDataSourceAutoConfiguration' of type [com.baomidou.dynamic.datasource.spring.boot.autoconfigure.DynamicDataSourceAutoConfiguration$$EnhancerBySpringCGLIB$$be76a59e] is not eligible for getting processed by all BeanPostProcessors (for example: not eligible for auto-proxying)
2022-03-22 11:10:37.855  INFO 22608 --- [main] trationDelegate$BeanPostProcessorChecker : Bean 'dsProcessor' of type [com.baomidou.dynamic.datasource.processor.DsHeaderProcessor] is not eligible for getting processed by all BeanPostProcessors (for example: not eligible for auto-proxying)
2022-03-22 11:10:38.193  INFO 22608 --- [main] com.zaxxer.hikari.HikariDataSource       : master - Starting...
2022-03-22 11:10:38.405  INFO 22608 --- [main] com.zaxxer.hikari.HikariDataSource       : master - Start completed.
2022-03-22 11:10:38.407  INFO 22608 --- [main] com.zaxxer.hikari.HikariDataSource       : slave - Starting...
2022-03-22 11:10:38.413  INFO 22608 --- [main] com.zaxxer.hikari.HikariDataSource       : slave - Start completed.
2022-03-22 11:10:38.413  INFO 22608 --- [main] c.b.d.d.DynamicRoutingDataSource         : dynamic-datasource - add a datasource named [slave] success
2022-03-22 11:10:38.413  INFO 22608 --- [main] c.b.d.d.DynamicRoutingDataSource         : dynamic-datasource - add a datasource named [master] success
2022-03-22 11:10:38.413  INFO 22608 --- [main] c.b.d.d.DynamicRoutingDataSource         : dynamic-datasource initial loaded [2] datasource,primary datasource named [master]
2022-03-22 11:10:39.933  INFO 22608 --- [main] o.s.s.concurrent.ThreadPoolTaskExecutor  : Initializing ExecutorService 'applicationTaskExecutor'
2022-03-22 11:10:40.482  INFO 22608 --- [main] c.ovation.health.user.service.RedisTest  : Started RedisTest in 4.771 seconds (JVM running for 6.107)
2022-03-22 11:10:40.976  INFO 22608 --- [main] .b.t.c.SpringBootTestContextBootstrapper : Neither @ContextConfiguration nor @ContextHierarchy found for test class [com.ovation.health.user.service.UserServiceTest], using SpringBootContextLoader
2022-03-22 11:10:40.977  INFO 22608 --- [main] o.s.t.c.support.AbstractContextLoader    : Could not detect default resource locations for test class [com.ovation.health.user.service.UserServiceTest]: no resource found for suffixes {-context.xml, Context.groovy}.
2022-03-22 11:10:40.978  INFO 22608 --- [main] t.c.s.AnnotationConfigContextLoaderUtils : Could not detect default configuration classes for test class [com.ovation.health.user.service.UserServiceTest]: UserServiceTest does not declare any static, non-private, non-final, nested classes annotated with @Configuration.
2022-03-22 11:10:40.981  INFO 22608 --- [main] .b.t.c.SpringBootTestContextBootstrapper : Found @SpringBootConfiguration com.ovation.health.user.UserApplication for test class com.ovation.health.user.service.UserServiceTest
2022-03-22 11:10:40.985  INFO 22608 --- [main] .b.t.c.SpringBootTestContextBootstrapper : Loaded default TestExecutionListener class names from location [META-INF/spring.factories]: [org.springframework.boot.test.mock.mockito.MockitoTestExecutionListener, org.springframework.boot.test.mock.mockito.ResetMocksTestExecutionListener, org.springframework.boot.test.autoconfigure.restdocs.RestDocsTestExecutionListener, org.springframework.boot.test.autoconfigure.web.client.MockRestServiceServerResetTestExecutionListener, org.springframework.boot.test.autoconfigure.web.servlet.MockMvcPrintOnlyOnFailureTestExecutionListener, org.springframework.boot.test.autoconfigure.web.servlet.WebDriverTestExecutionListener, org.springframework.boot.test.autoconfigure.webservices.client.MockWebServiceServerTestExecutionListener, org.springframework.test.context.web.ServletTestExecutionListener, org.springframework.test.context.support.DirtiesContextBeforeModesTestExecutionListener, org.springframework.test.context.support.DependencyInjectionTestExecutionListener, org.springframework.test.context.support.DirtiesContextTestExecutionListener, org.springframework.test.context.transaction.TransactionalTestExecutionListener, org.springframework.test.context.jdbc.SqlScriptsTestExecutionListener, org.springframework.test.context.event.EventPublishingTestExecutionListener]
2022-03-22 11:10:40.987  INFO 22608 --- [main] .b.t.c.SpringBootTestContextBootstrapper : Using TestExecutionListeners: [org.springframework.test.context.web.ServletTestExecutionListener@14ba7f15, org.springframework.test.context.support.DirtiesContextBeforeModesTestExecutionListener@55cb3b7, org.springframework.boot.test.mock.mockito.MockitoTestExecutionListener@497fd334, org.springframework.boot.test.autoconfigure.SpringBootDependencyInjectionTestExecutionListener@280c3dc0, org.springframework.test.context.support.DirtiesContextTestExecutionListener@6f89ad03, org.springframework.test.context.transaction.TransactionalTestExecutionListener@f287a4e, org.springframework.test.context.jdbc.SqlScriptsTestExecutionListener@3879feec, org.springframework.test.context.event.EventPublishingTestExecutionListener@71d2261e, org.springframework.boot.test.mock.mockito.ResetMocksTestExecutionListener@53917c92, org.springframework.boot.test.autoconfigure.restdocs.RestDocsTestExecutionListener@1fa796a4, org.springframework.boot.test.autoconfigure.web.client.MockRestServiceServerResetTestExecutionListener@68de8522, org.springframework.boot.test.autoconfigure.web.servlet.MockMvcPrintOnlyOnFailureTestExecutionListener@8dcacf1, org.springframework.boot.test.autoconfigure.web.servlet.WebDriverTestExecutionListener@50f13494, org.springframework.boot.test.autoconfigure.webservices.client.MockWebServiceServerTestExecutionListener@73c09a98]
2022-03-22 11:10:41.011  INFO 22608 --- [main] .b.t.c.SpringBootTestContextBootstrapper : Neither @ContextConfiguration nor @ContextHierarchy found for test class [com.ovation.health.user.UserApplicationTests], using SpringBootContextLoader
2022-03-22 11:10:41.013  INFO 22608 --- [main] o.s.t.c.support.AbstractContextLoader    : Could not detect default resource locations for test class [com.ovation.health.user.UserApplicationTests]: no resource found for suffixes {-context.xml, Context.groovy}.
2022-03-22 11:10:41.013  INFO 22608 --- [main] t.c.s.AnnotationConfigContextLoaderUtils : Could not detect default configuration classes for test class [com.ovation.health.user.UserApplicationTests]: UserApplicationTests does not declare any static, non-private, non-final, nested classes annotated with @Configuration.
2022-03-22 11:10:41.019  INFO 22608 --- [main] .b.t.c.SpringBootTestContextBootstrapper : Found @SpringBootConfiguration com.ovation.health.user.UserApplication for test class com.ovation.health.user.UserApplicationTests
2022-03-22 11:10:41.023  INFO 22608 --- [main] .b.t.c.SpringBootTestContextBootstrapper : Loaded default TestExecutionListener class names from location [META-INF/spring.factories]: [org.springframework.boot.test.mock.mockito.MockitoTestExecutionListener, org.springframework.boot.test.mock.mockito.ResetMocksTestExecutionListener, org.springframework.boot.test.autoconfigure.restdocs.RestDocsTestExecutionListener, org.springframework.boot.test.autoconfigure.web.client.MockRestServiceServerResetTestExecutionListener, org.springframework.boot.test.autoconfigure.web.servlet.MockMvcPrintOnlyOnFailureTestExecutionListener, org.springframework.boot.test.autoconfigure.web.servlet.WebDriverTestExecutionListener, org.springframework.boot.test.autoconfigure.webservices.client.MockWebServiceServerTestExecutionListener, org.springframework.test.context.web.ServletTestExecutionListener, org.springframework.test.context.support.DirtiesContextBeforeModesTestExecutionListener, org.springframework.test.context.support.DependencyInjectionTestExecutionListener, org.springframework.test.context.support.DirtiesContextTestExecutionListener, org.springframework.test.context.transaction.TransactionalTestExecutionListener, org.springframework.test.context.jdbc.SqlScriptsTestExecutionListener, org.springframework.test.context.event.EventPublishingTestExecutionListener]
2022-03-22 11:10:41.024  INFO 22608 --- [main] .b.t.c.SpringBootTestContextBootstrapper : Using TestExecutionListeners: [org.springframework.test.context.web.ServletTestExecutionListener@2c92f094, org.springframework.test.context.support.DirtiesContextBeforeModesTestExecutionListener@1c3b221f, org.springframework.boot.test.mock.mockito.MockitoTestExecutionListener@750c23a3, org.springframework.boot.test.autoconfigure.SpringBootDependencyInjectionTestExecutionListener@238280df, org.springframework.test.context.support.DirtiesContextTestExecutionListener@182fd26b, org.springframework.test.context.transaction.TransactionalTestExecutionListener@5dc120ab, org.springframework.test.context.jdbc.SqlScriptsTestExecutionListener@49c4118b, org.springframework.test.context.event.EventPublishingTestExecutionListener@7ef7f414, org.springframework.boot.test.mock.mockito.ResetMocksTestExecutionListener@182dcd2b, org.springframework.boot.test.autoconfigure.restdocs.RestDocsTestExecutionListener@4c3d72fd, org.springframework.boot.test.autoconfigure.web.client.MockRestServiceServerResetTestExecutionListener@259c6ab8, org.springframework.boot.test.autoconfigure.web.servlet.MockMvcPrintOnlyOnFailureTestExecutionListener@640a6d4b, org.springframework.boot.test.autoconfigure.web.servlet.WebDriverTestExecutionListener@1238a074, org.springframework.boot.test.autoconfigure.webservices.client.MockWebServiceServerTestExecutionListener@35b58254]
2022-03-22 11:10:41.214 DEBUG 22608 --- [main] c.o.h.user.mapper.UserMapper.insert      : ==>  Preparing: INSERT INTO pub_user ( name, email, tel, address, blood_type, passw ) VALUES ( ?, ?, ?, ?, ?, ? ) 
2022-03-22 11:10:41.256 DEBUG 22608 --- [main] c.o.h.user.mapper.UserMapper.insert      : ==> Parameters: testSave4(String), testSave4@xkcoding.com(String), 17300000004(String), f5c882f505d64b15b490c6b1ce9f2f81(String), 1(String), 9c2ab9e65702e1529242bceb946d5a44(String)
2022-03-22 11:10:41.258 DEBUG 22608 --- [main] c.o.h.user.mapper.UserMapper.insert      : ==> Parameters: testSave5(String), testSave5@xkcoding.com(String), 17300000005(String), 6bf279996892440a933e4d55666cd969(String), 1(String), fe290c352a5c04cb892e1193b03e5011(String)
2022-03-22 11:10:41.262 DEBUG 22608 --- [main] c.o.h.user.mapper.UserMapper.insert      : ==> Parameters: testSave6(String), testSave6@xkcoding.com(String), 17300000006(String), 77330f3d5e1e41cdbbe29ff34acf8c8f(String), 1(String), 938db59a392e34eeea7a839b015f4042(String)
2022-03-22 11:10:41.266 DEBUG 22608 --- [main] c.o.h.user.mapper.UserMapper.insert      : ==> Parameters: testSave7(String), testSave7@xkcoding.com(String), 17300000007(String), 55ddfc512e2948eeb47aa2fa40f6a436(String), 1(String), 2a8d10fe6ff1745538d72beffd4222cf(String)
2022-03-22 11:10:41.268 DEBUG 22608 --- [main] c.o.h.user.mapper.UserMapper.insert      : ==> Parameters: testSave8(String), testSave8@xkcoding.com(String), 17300000008(String), 57565037a60548a2882565035ebfe21a(String), 1(String), fa224db8d2e5a8de1712c70e1e10f2f6(String)
2022-03-22 11:10:41.270 DEBUG 22608 --- [main] c.o.h.user.mapper.UserMapper.insert      : ==> Parameters: testSave9(String), testSave9@xkcoding.com(String), 17300000009(String), 519699d0812345a28e49dac4012870a2(String), 1(String), 491d923497c2d602f2e12ba6b909a64e(String)
2022-03-22 11:10:41.272 DEBUG 22608 --- [main] c.o.h.user.mapper.UserMapper.insert      : ==> Parameters: testSave10(String), testSave10@xkcoding.com(String), 173000000010(String), d15f133a23be4e3da350e075777eb18a(String), 1(String), 0d6cbc65cda01ea83b9add46c8fd5be4(String)
2022-03-22 11:10:41.278 DEBUG 22608 --- [main] c.o.h.user.mapper.UserMapper.insert      : ==> Parameters: testSave11(String), testSave11@xkcoding.com(String), 173000000011(String), dd8b1e960e594d35825ea8d6177d9aab(String), 1(String), 130576ba41a1de0145af1bea3f4c5752(String)
2022-03-22 11:10:41.280 DEBUG 22608 --- [main] c.o.h.user.mapper.UserMapper.insert      : ==> Parameters: testSave12(String), testSave12@xkcoding.com(String), 173000000012(String), 730fa0c7aa2c49a9a0b5bd7178970d3e(String), 1(String), 8830e1f23a7e1877776be8f0e3eb3044(String)
2022-03-22 11:10:41.282 DEBUG 22608 --- [main] c.o.h.user.mapper.UserMapper.insert      : ==> Parameters: testSave13(String), testSave13@xkcoding.com(String), 173000000013(String), 1b2553be886046d8968beedc9b2425f7(String), 1(String), b6cd19db6c0d40662063aaa16477d579(String)
2022-03-22 11:10:41.541 DEBUG 22608 --- [main] c.o.h.user.mapper.UserMapper.insert      : ==>  Preparing: INSERT INTO pub_user ( code, name, email, tel, address, blood_type, passw ) VALUES ( ?, ?, ?, ?, ?, ?, ? ) 
2022-03-22 11:10:41.542 DEBUG 22608 --- [main] c.o.h.user.mapper.UserMapper.insert      : ==> Parameters: 76b29554d39546d39c4f174382f7a34f(String), testSave3(String), testSave3@xkcoding.com(String), 17300000003(String), 0353a1640bbc428a913c669c446abede(String), 1(String), 1be2fe0a38d5c3bef16b2f3afd3006be(String)
2022-03-22 11:10:41.663 DEBUG 22608 --- [main] c.o.h.user.mapper.UserMapper.insert      : <==    Updates: 1
2022-03-22 11:10:43.718 DEBUG 22608 --- [main] c.o.h.user.mapper.UserMapper.selectList  : ==>  Preparing: SELECT id,code,name,email,tel,id_card,birth_date,sex,address,blood_type,hight,weight,passw,regtime,equ_code,isvalid,user_image,memo,region_code,is_formal,nim_token,unionid,hab_address,birth_address,weixin,bcg_code FROM pub_user 
2022-03-22 11:10:43.719 DEBUG 22608 --- [main] c.o.h.user.mapper.UserMapper.selectList  : ==> Parameters: 
2022-03-22 11:10:43.783 DEBUG 22608 --- [main] c.o.h.user.mapper.UserMapper.selectById  : ==>  Preparing: SELECT id,code,name,email,tel,id_card,birth_date,sex,address,blood_type,hight,weight,passw,regtime,equ_code,isvalid,user_image,memo,region_code,is_formal,nim_token,unionid,hab_address,birth_address,weixin,bcg_code FROM pub_user WHERE id=? 
2022-03-22 11:10:43.784 DEBUG 22608 --- [main] c.o.h.user.mapper.UserMapper.selectById  : ==> Parameters: 1(Long)
2022-03-22 11:10:43.791 DEBUG 22608 --- [main] c.o.h.user.mapper.UserMapper.insert      : ==>  Preparing: INSERT INTO pub_user ( name, email, tel, address, blood_type, passw ) VALUES ( ?, ?, ?, ?, ?, ? ) 
2022-03-22 11:10:43.792 DEBUG 22608 --- [main] c.o.h.user.mapper.UserMapper.insert      : ==> Parameters: testSave4(String), testSave4@xkcoding.com(String), 17300000004(String), 63c8321c87d54df8ba8ac669ac87ba29(String), 1(String), ebced500e95ada4a68fed520f86a6627(String)
2022-03-22 11:10:43.793 DEBUG 22608 --- [main] c.o.h.user.mapper.UserMapper.insert      : ==> Parameters: testSave5(String), testSave5@xkcoding.com(String), 17300000005(String), 05d8346312de469e87005d53b1036b22(String), 1(String), f66640ab79b9b98ec3c85b887f80f252(String)
2022-03-22 11:10:43.794 DEBUG 22608 --- [main] c.o.h.user.mapper.UserMapper.insert      : ==> Parameters: testSave6(String), testSave6@xkcoding.com(String), 17300000006(String), 1aff5591fb4e4c67b88e6e038c08e81f(String), 1(String), 4ad589e0147e3ef707e80f81503abcea(String)
2022-03-22 11:10:43.795 DEBUG 22608 --- [main] c.o.h.user.mapper.UserMapper.insert      : ==> Parameters: testSave7(String), testSave7@xkcoding.com(String), 17300000007(String), 7342487019554a86964f778810a125f6(String), 1(String), d8e353b605599b6359d7bde86ef015db(String)
2022-03-22 11:10:43.796 DEBUG 22608 --- [main] c.o.h.user.mapper.UserMapper.insert      : ==> Parameters: testSave8(String), testSave8@xkcoding.com(String), 17300000008(String), a84cf85ad0b74b4da803d8b35c976f4d(String), 1(String), 1130764d2d6fea013a2cbc73d52fd77c(String)
2022-03-22 11:10:43.797 DEBUG 22608 --- [main] c.o.h.user.mapper.UserMapper.insert      : ==> Parameters: testSave9(String), testSave9@xkcoding.com(String), 17300000009(String), cf85e596edcb4f18b0656a107acdab94(String), 1(String), 3996f0df5e325a5337caf086506ed9e9(String)
2022-03-22 11:10:43.799 DEBUG 22608 --- [main] c.o.h.user.mapper.UserMapper.insert      : ==> Parameters: testSave10(String), testSave10@xkcoding.com(String), 173000000010(String), b6e80d0169c441588b6e4fe98de55a67(String), 1(String), 3135220321051a8f08b1cd04506c1bbb(String)
2022-03-22 11:10:43.801 DEBUG 22608 --- [main] c.o.h.user.mapper.UserMapper.insert      : ==> Parameters: testSave11(String), testSave11@xkcoding.com(String), 173000000011(String), 47875ce70aba4180a85d2f7a9909ab84(String), 1(String), b6e326adbf7f60815b61e854823bfd46(String)
2022-03-22 11:10:43.802 DEBUG 22608 --- [main] c.o.h.user.mapper.UserMapper.insert      : ==> Parameters: testSave12(String), testSave12@xkcoding.com(String), 173000000012(String), 439918c4a4f545f78a784cf8cfd8f1ac(String), 1(String), 9768b518d2d72433e043c5e7c8e30736(String)
2022-03-22 11:10:43.803 DEBUG 22608 --- [main] c.o.h.user.mapper.UserMapper.insert      : ==> Parameters: testSave13(String), testSave13@xkcoding.com(String), 173000000013(String), ac2fce49723a4b8f8054f4fe8ea01434(String), 1(String), 71f69f4697ff8f8421bd9f3836d48ccc(String)
2022-03-22 11:10:43.814 DEBUG 22608 --- [main] c.o.h.user.mapper.UserMapper.deleteById  : ==>  Preparing: DELETE FROM pub_user WHERE id=? 
2022-03-22 11:10:43.814 DEBUG 22608 --- [main] c.o.h.user.mapper.UserMapper.deleteById  : ==> Parameters: 1(Long)
2022-03-22 11:10:43.815 DEBUG 22608 --- [main] c.o.h.user.mapper.UserMapper.deleteById  : <==    Updates: 0
2022-03-22 11:10:43.816 DEBUG 22608 --- [main] c.o.h.user.mapper.UserMapper.selectById  : ==>  Preparing: SELECT id,code,name,email,tel,id_card,birth_date,sex,address,blood_type,hight,weight,passw,regtime,equ_code,isvalid,user_image,memo,region_code,is_formal,nim_token,unionid,hab_address,birth_address,weixin,bcg_code FROM pub_user WHERE id=? 
2022-03-22 11:10:43.816 DEBUG 22608 --- [main] c.o.h.user.mapper.UserMapper.selectById  : ==> Parameters: 1(Long)
2022-03-22 11:10:43.822 DEBUG 22608 --- [main] c.o.h.user.mapper.UserMapper.selectById  : ==>  Preparing: SELECT id,code,name,email,tel,id_card,birth_date,sex,address,blood_type,hight,weight,passw,regtime,equ_code,isvalid,user_image,memo,region_code,is_formal,nim_token,unionid,hab_address,birth_address,weixin,bcg_code FROM pub_user WHERE id=? 
2022-03-22 11:10:43.822 DEBUG 22608 --- [main] c.o.h.user.mapper.UserMapper.selectById  : ==> Parameters: 1(Long)
2022-03-22 11:10:43.829 DEBUG 22608 --- [main] c.o.h.user.mapper.UserMapper.insert      : ==>  Preparing: INSERT INTO pub_user ( name, email, tel, address, blood_type, passw ) VALUES ( ?, ?, ?, ?, ?, ? ) 
2022-03-22 11:10:43.830 DEBUG 22608 --- [main] c.o.h.user.mapper.UserMapper.insert      : ==> Parameters: testSave4(String), testSave4@xkcoding.com(String), 17300000004(String), dcaa546d1e434a969a4eee96cc3ab95e(String), 1(String), b904acd571b9bb52572da8e92bb937cc(String)
2022-03-22 11:10:43.831 DEBUG 22608 --- [main] c.o.h.user.mapper.UserMapper.insert      : ==> Parameters: testSave5(String), testSave5@xkcoding.com(String), 17300000005(String), 14d93e77f1404fb5b56bdd889377c3c1(String), 1(String), 32031e6e4f5147e1f66b16d87d4ab750(String)
2022-03-22 11:10:43.832 DEBUG 22608 --- [main] c.o.h.user.mapper.UserMapper.insert      : ==> Parameters: testSave6(String), testSave6@xkcoding.com(String), 17300000006(String), 15523a454f2b4ddd95fda5594804b63a(String), 1(String), 2504888a596f13ebd50840ba13cecacd(String)
2022-03-22 11:10:43.833 DEBUG 22608 --- [main] c.o.h.user.mapper.UserMapper.insert      : ==> Parameters: testSave7(String), testSave7@xkcoding.com(String), 17300000007(String), 6cc770e641354ecaa5fbd2144846b564(String), 1(String), 51037cc2cbe06964e9f48e5ffb879c10(String)
2022-03-22 11:10:43.834 DEBUG 22608 --- [main] c.o.h.user.mapper.UserMapper.insert      : ==> Parameters: testSave8(String), testSave8@xkcoding.com(String), 17300000008(String), 973133c6ac4e4bae89a5dcecf86d94aa(String), 1(String), c7863fc70cbc101dd97edac225b75a88(String)
2022-03-22 11:10:43.835 DEBUG 22608 --- [main] c.o.h.user.mapper.UserMapper.insert      : ==> Parameters: testSave9(String), testSave9@xkcoding.com(String), 17300000009(String), 21d3fb3fc70445fb8eae9e41a488e6e0(String), 1(String), 65776eaaf7910733e52e40d2d6e29fdb(String)
2022-03-22 11:10:43.837 DEBUG 22608 --- [main] c.o.h.user.mapper.UserMapper.insert      : ==> Parameters: testSave10(String), testSave10@xkcoding.com(String), 173000000010(String), b7fb143f2b204d15aac06c4f24911b5c(String), 1(String), 2037abf0046e907c4996c2bbdd5fc640(String)
2022-03-22 11:10:43.838 DEBUG 22608 --- [main] c.o.h.user.mapper.UserMapper.insert      : ==> Parameters: testSave11(String), testSave11@xkcoding.com(String), 173000000011(String), 39ab8c141ef04d89abd58f2bf4234fdf(String), 1(String), ba8b7e32d021e7ddccf9f687b5e26708(String)
2022-03-22 11:10:43.839 DEBUG 22608 --- [main] c.o.h.user.mapper.UserMapper.insert      : ==> Parameters: testSave12(String), testSave12@xkcoding.com(String), 173000000012(String), 0b74eae475a847e9b8ed3a4ffc641062(String), 1(String), 141370f09b0ffb66592599fa9b08caf5(String)
2022-03-22 11:10:43.840 DEBUG 22608 --- [main] c.o.h.user.mapper.UserMapper.insert      : ==> Parameters: testSave13(String), testSave13@xkcoding.com(String), 173000000013(String), cffb423a275841909ca707ed0a52ce4a(String), 1(String), 5ca782fbbf4915406a8011a41c1e104f(String)
2022-03-22 11:10:43.909  INFO 22608 --- [SpringContextShutdownHook] o.s.s.concurrent.ThreadPoolTaskExecutor  : Shutting down ExecutorService 'applicationTaskExecutor'
2022-03-22 11:10:44.029  INFO 22608 --- [SpringContextShutdownHook] c.b.d.d.DynamicRoutingDataSource         : dynamic-datasource start closing ....
2022-03-22 11:10:44.030  INFO 22608 --- [SpringContextShutdownHook] com.zaxxer.hikari.HikariDataSource       : slave - Shutdown initiated...
2022-03-22 11:10:44.039  INFO 22608 --- [SpringContextShutdownHook] com.zaxxer.hikari.HikariDataSource       : slave - Shutdown completed.
2022-03-22 11:10:44.039  INFO 22608 --- [SpringContextShutdownHook] com.zaxxer.hikari.HikariDataSource       : master - Shutdown initiated...
2022-03-22 11:10:44.047  INFO 22608 --- [SpringContextShutdownHook] com.zaxxer.hikari.HikariDataSource       : master - Shutdown completed.
2022-03-22 11:10:44.047  INFO 22608 --- [SpringContextShutdownHook] c.b.d.d.DynamicRoutingDataSource         : dynamic-datasource all closed success,bye
