2022-03-21 17:23:02.125  INFO 16872 --- [main] c.o.health.user.service.UserServiceTest  : Starting UserServiceTest on DESKTOP-3EUJQE3 with PID 16872 (started by 6E ALIENWARE in D:\li\work\code\springboot_oh\user)
2022-03-21 17:23:02.127  INFO 16872 --- [main] c.o.health.user.service.UserServiceTest  : No active profile set, falling back to default profiles: default
2022-03-21 17:23:03.553  WARN 16872 --- [main] o.m.s.mapper.ClassPathMapperScanner      : No MyBatis mapper was found in '[com.ovation.health.user]' package. Please check your configuration.
2022-03-21 17:23:03.587  WARN 16872 --- [main] t.m.s.mapper.ClassPathMapperScanner      : No MyBatis mapper was found in '[com.ovation.health.user]' package. Please check your configuration.
2022-03-21 17:23:03.599  WARN 16872 --- [main] o.m.s.mapper.ClassPathMapperScanner      : No MyBatis mapper was found in '[com.ovation.health.user]' package. Please check your configuration.
2022-03-21 17:23:03.680  INFO 16872 --- [main] .s.d.r.c.RepositoryConfigurationDelegate : Multiple Spring Data modules found, entering strict repository configuration mode!
2022-03-21 17:23:03.684  INFO 16872 --- [main] .s.d.r.c.RepositoryConfigurationDelegate : Bootstrapping Spring Data Redis repositories in DEFAULT mode.
2022-03-21 17:23:03.722  INFO 16872 --- [main] .s.d.r.c.RepositoryConfigurationDelegate : Finished Spring Data repository scanning in 10ms. Found 0 Redis repository interfaces.
2022-03-21 17:23:04.557  WARN 16872 --- [main] o.s.w.c.s.GenericWebApplicationContext   : Exception encountered during context initialization - cancelling refresh attempt: org.springframework.beans.factory.BeanCreationException: Error creating bean with name 'projectingArgumentResolverBeanPostProcessor' defined in class path resource [org/springframework/data/web/config/ProjectingArgumentResolverRegistrar.class]: BeanPostProcessor before instantiation of bean failed; nested exception is org.springframework.beans.factory.UnsatisfiedDependencyException: Error creating bean with name 'com.baomidou.dynamic.datasource.spring.boot.autoconfigure.DynamicDataSourceAutoConfiguration': Unsatisfied dependency expressed through constructor parameter 0; nested exception is org.springframework.boot.context.properties.ConfigurationPropertiesBindException: Error creating bean with name 'spring.datasource.dynamic-com.baomidou.dynamic.datasource.spring.boot.autoconfigure.DynamicDataSourceProperties': Could not bind properties to 'DynamicDataSourceProperties' : prefix=spring.datasource.dynamic, ignoreInvalidFields=false, ignoreUnknownFields=true; nested exception is org.springframework.boot.context.properties.bind.BindException: Failed to bind properties under 'spring.datasource.dynamic.datasource.mp-enabled' to com.baomidou.dynamic.datasource.spring.boot.autoconfigure.DataSourceProperty
2022-03-21 17:23:04.573  INFO 16872 --- [main] ConditionEvaluationReportLoggingListener : 

Error starting ApplicationContext. To display the conditions report re-run your application with 'debug' enabled.
2022-03-21 17:48:17.767  INFO 21600 --- [main] c.o.health.user.service.UserServiceTest  : Starting UserServiceTest on DESKTOP-3EUJQE3 with PID 21600 (started by 6E ALIENWARE in D:\li\work\code\springboot_oh\user)
2022-03-21 17:48:17.770  INFO 21600 --- [main] c.o.health.user.service.UserServiceTest  : No active profile set, falling back to default profiles: default
2022-03-21 17:48:18.608  WARN 21600 --- [main] t.m.s.mapper.ClassPathMapperScanner      : No MyBatis mapper was found in '[com.ovation.health.user]' package. Please check your configuration.
2022-03-21 17:48:18.687  INFO 21600 --- [main] .s.d.r.c.RepositoryConfigurationDelegate : Multiple Spring Data modules found, entering strict repository configuration mode!
2022-03-21 17:48:18.695  INFO 21600 --- [main] .s.d.r.c.RepositoryConfigurationDelegate : Bootstrapping Spring Data Redis repositories in DEFAULT mode.
2022-03-21 17:48:18.730  INFO 21600 --- [main] .s.d.r.c.RepositoryConfigurationDelegate : Finished Spring Data repository scanning in 13ms. Found 0 Redis repository interfaces.
2022-03-21 17:48:19.479  WARN 21600 --- [main] o.s.w.c.s.GenericWebApplicationContext   : Exception encountered during context initialization - cancelling refresh attempt: org.springframework.beans.factory.BeanCreationException: Error creating bean with name 'projectingArgumentResolverBeanPostProcessor' defined in class path resource [org/springframework/data/web/config/ProjectingArgumentResolverRegistrar.class]: BeanPostProcessor before instantiation of bean failed; nested exception is org.springframework.beans.factory.UnsatisfiedDependencyException: Error creating bean with name 'com.baomidou.dynamic.datasource.spring.boot.autoconfigure.DynamicDataSourceAutoConfiguration': Unsatisfied dependency expressed through constructor parameter 0; nested exception is org.springframework.boot.context.properties.ConfigurationPropertiesBindException: Error creating bean with name 'spring.datasource.dynamic-com.baomidou.dynamic.datasource.spring.boot.autoconfigure.DynamicDataSourceProperties': Could not bind properties to 'DynamicDataSourceProperties' : prefix=spring.datasource.dynamic, ignoreInvalidFields=false, ignoreUnknownFields=true; nested exception is org.springframework.boot.context.properties.bind.BindException: Failed to bind properties under 'spring.datasource.dynamic.datasource.mp-enabled' to com.baomidou.dynamic.datasource.spring.boot.autoconfigure.DataSourceProperty
2022-03-21 17:48:19.490  INFO 21600 --- [main] ConditionEvaluationReportLoggingListener : 

Error starting ApplicationContext. To display the conditions report re-run your application with 'debug' enabled.
2022-03-21 17:49:14.095  INFO 23708 --- [main] c.o.health.user.service.UserServiceTest  : Starting UserServiceTest on DESKTOP-3EUJQE3 with PID 23708 (started by 6E ALIENWARE in D:\li\work\code\springboot_oh\user)
2022-03-21 17:49:14.098  INFO 23708 --- [main] c.o.health.user.service.UserServiceTest  : No active profile set, falling back to default profiles: default
2022-03-21 17:49:14.991  WARN 23708 --- [main] t.m.s.mapper.ClassPathMapperScanner      : No MyBatis mapper was found in '[com.ovation.health.user]' package. Please check your configuration.
2022-03-21 17:49:15.060  INFO 23708 --- [main] .s.d.r.c.RepositoryConfigurationDelegate : Multiple Spring Data modules found, entering strict repository configuration mode!
2022-03-21 17:49:15.064  INFO 23708 --- [main] .s.d.r.c.RepositoryConfigurationDelegate : Bootstrapping Spring Data Redis repositories in DEFAULT mode.
2022-03-21 17:49:15.098  INFO 23708 --- [main] .s.d.r.c.RepositoryConfigurationDelegate : Finished Spring Data repository scanning in 11ms. Found 0 Redis repository interfaces.
2022-03-21 17:49:15.774  INFO 23708 --- [main] trationDelegate$BeanPostProcessorChecker : Bean 'spring.datasource.dynamic-com.baomidou.dynamic.datasource.spring.boot.autoconfigure.DynamicDataSourceProperties' of type [com.baomidou.dynamic.datasource.spring.boot.autoconfigure.DynamicDataSourceProperties] is not eligible for getting processed by all BeanPostProcessors (for example: not eligible for auto-proxying)
2022-03-21 17:49:15.782  INFO 23708 --- [main] trationDelegate$BeanPostProcessorChecker : Bean 'com.baomidou.dynamic.datasource.spring.boot.autoconfigure.DynamicDataSourceAutoConfiguration' of type [com.baomidou.dynamic.datasource.spring.boot.autoconfigure.DynamicDataSourceAutoConfiguration$$EnhancerBySpringCGLIB$$bbcfe117] is not eligible for getting processed by all BeanPostProcessors (for example: not eligible for auto-proxying)
2022-03-21 17:49:16.102  INFO 23708 --- [main] trationDelegate$BeanPostProcessorChecker : Bean 'dsProcessor' of type [com.baomidou.dynamic.datasource.processor.DsHeaderProcessor] is not eligible for getting processed by all BeanPostProcessors (for example: not eligible for auto-proxying)
2022-03-21 17:49:16.505  INFO 23708 --- [main] com.zaxxer.hikari.HikariDataSource       : master - Starting...
2022-03-21 17:49:16.530  WARN 23708 --- [main] o.s.w.c.s.GenericWebApplicationContext   : Exception encountered during context initialization - cancelling refresh attempt: org.springframework.beans.factory.UnsatisfiedDependencyException: Error creating bean with name 'userServiceImpl': Unsatisfied dependency expressed through field 'baseMapper'; nested exception is org.springframework.beans.factory.UnsatisfiedDependencyException: Error creating bean with name 'userMapper' defined in file [D:\li\work\code\springboot_oh\user\target\classes\com\ovation\health\user\mapper\UserMapper.class]: Unsatisfied dependency expressed through bean property 'sqlSessionFactory'; nested exception is org.springframework.beans.factory.UnsatisfiedDependencyException: Error creating bean with name 'sqlSessionFactory' defined in class path resource [com/baomidou/mybatisplus/autoconfigure/MybatisPlusAutoConfiguration.class]: Unsatisfied dependency expressed through method 'sqlSessionFactory' parameter 0; nested exception is org.springframework.beans.factory.BeanCreationException: Error creating bean with name 'dataSource' defined in class path resource [com/baomidou/dynamic/datasource/spring/boot/autoconfigure/DynamicDataSourceAutoConfiguration.class]: Invocation of init method failed; nested exception is java.lang.RuntimeException: Driver com.mysql.cj.jdbc.Driver claims to not accept jdbcUrl, jdbc:myhsql//217.0.0.1:3306/spring-boot-demo?useUnicode=true&characterEncoding=UTF-8&useSSL=false&autoReconnect=true&failOverReadOnly=false&serverTimezone=GMT%2B8
2022-03-21 17:49:16.550  INFO 23708 --- [main] ConditionEvaluationReportLoggingListener : 

Error starting ApplicationContext. To display the conditions report re-run your application with 'debug' enabled.
2022-03-21 17:50:18.745  INFO 22128 --- [main] c.o.health.user.service.UserServiceTest  : Starting UserServiceTest on DESKTOP-3EUJQE3 with PID 22128 (started by 6E ALIENWARE in D:\li\work\code\springboot_oh\user)
2022-03-21 17:50:18.747  INFO 22128 --- [main] c.o.health.user.service.UserServiceTest  : No active profile set, falling back to default profiles: default
2022-03-21 17:50:19.614  WARN 22128 --- [main] t.m.s.mapper.ClassPathMapperScanner      : No MyBatis mapper was found in '[com.ovation.health.user]' package. Please check your configuration.
2022-03-21 17:50:19.692  INFO 22128 --- [main] .s.d.r.c.RepositoryConfigurationDelegate : Multiple Spring Data modules found, entering strict repository configuration mode!
2022-03-21 17:50:19.696  INFO 22128 --- [main] .s.d.r.c.RepositoryConfigurationDelegate : Bootstrapping Spring Data Redis repositories in DEFAULT mode.
2022-03-21 17:50:19.728  INFO 22128 --- [main] .s.d.r.c.RepositoryConfigurationDelegate : Finished Spring Data repository scanning in 11ms. Found 0 Redis repository interfaces.
2022-03-21 17:50:20.423  INFO 22128 --- [main] trationDelegate$BeanPostProcessorChecker : Bean 'spring.datasource.dynamic-com.baomidou.dynamic.datasource.spring.boot.autoconfigure.DynamicDataSourceProperties' of type [com.baomidou.dynamic.datasource.spring.boot.autoconfigure.DynamicDataSourceProperties] is not eligible for getting processed by all BeanPostProcessors (for example: not eligible for auto-proxying)
2022-03-21 17:50:20.433  INFO 22128 --- [main] trationDelegate$BeanPostProcessorChecker : Bean 'com.baomidou.dynamic.datasource.spring.boot.autoconfigure.DynamicDataSourceAutoConfiguration' of type [com.baomidou.dynamic.datasource.spring.boot.autoconfigure.DynamicDataSourceAutoConfiguration$$EnhancerBySpringCGLIB$$3a8cac58] is not eligible for getting processed by all BeanPostProcessors (for example: not eligible for auto-proxying)
2022-03-21 17:50:20.599  INFO 22128 --- [main] trationDelegate$BeanPostProcessorChecker : Bean 'dsProcessor' of type [com.baomidou.dynamic.datasource.processor.DsHeaderProcessor] is not eligible for getting processed by all BeanPostProcessors (for example: not eligible for auto-proxying)
2022-03-21 17:50:20.901  INFO 22128 --- [main] com.zaxxer.hikari.HikariDataSource       : master - Starting...
2022-03-21 17:50:20.925  WARN 22128 --- [main] o.s.w.c.s.GenericWebApplicationContext   : Exception encountered during context initialization - cancelling refresh attempt: org.springframework.beans.factory.UnsatisfiedDependencyException: Error creating bean with name 'userServiceImpl': Unsatisfied dependency expressed through field 'baseMapper'; nested exception is org.springframework.beans.factory.UnsatisfiedDependencyException: Error creating bean with name 'userMapper' defined in file [D:\li\work\code\springboot_oh\user\target\classes\com\ovation\health\user\mapper\UserMapper.class]: Unsatisfied dependency expressed through bean property 'sqlSessionFactory'; nested exception is org.springframework.beans.factory.UnsatisfiedDependencyException: Error creating bean with name 'sqlSessionFactory' defined in class path resource [com/baomidou/mybatisplus/autoconfigure/MybatisPlusAutoConfiguration.class]: Unsatisfied dependency expressed through method 'sqlSessionFactory' parameter 0; nested exception is org.springframework.beans.factory.BeanCreationException: Error creating bean with name 'dataSource' defined in class path resource [com/baomidou/dynamic/datasource/spring/boot/autoconfigure/DynamicDataSourceAutoConfiguration.class]: Invocation of init method failed; nested exception is java.lang.RuntimeException: Driver com.mysql.cj.jdbc.Driver claims to not accept jdbcUrl, jdbc:myhsql//127.0.0.1:3306/spring-boot-demo?useUnicode=true&characterEncoding=UTF-8&useSSL=false&autoReconnect=true&failOverReadOnly=false&serverTimezone=GMT%2B8
2022-03-21 17:50:20.937  INFO 22128 --- [main] ConditionEvaluationReportLoggingListener : 

Error starting ApplicationContext. To display the conditions report re-run your application with 'debug' enabled.
2022-03-21 17:52:16.565  INFO 31896 --- [main] c.o.health.user.service.UserServiceTest  : Starting UserServiceTest on DESKTOP-3EUJQE3 with PID 31896 (started by 6E ALIENWARE in D:\li\work\code\springboot_oh\user)
2022-03-21 17:52:16.567  INFO 31896 --- [main] c.o.health.user.service.UserServiceTest  : No active profile set, falling back to default profiles: default
2022-03-21 17:52:17.508  WARN 31896 --- [main] t.m.s.mapper.ClassPathMapperScanner      : No MyBatis mapper was found in '[com.ovation.health.user]' package. Please check your configuration.
2022-03-21 17:52:17.586  INFO 31896 --- [main] .s.d.r.c.RepositoryConfigurationDelegate : Multiple Spring Data modules found, entering strict repository configuration mode!
2022-03-21 17:52:17.591  INFO 31896 --- [main] .s.d.r.c.RepositoryConfigurationDelegate : Bootstrapping Spring Data Redis repositories in DEFAULT mode.
2022-03-21 17:52:17.631  INFO 31896 --- [main] .s.d.r.c.RepositoryConfigurationDelegate : Finished Spring Data repository scanning in 15ms. Found 0 Redis repository interfaces.
2022-03-21 17:52:18.309  INFO 31896 --- [main] trationDelegate$BeanPostProcessorChecker : Bean 'spring.datasource.dynamic-com.baomidou.dynamic.datasource.spring.boot.autoconfigure.DynamicDataSourceProperties' of type [com.baomidou.dynamic.datasource.spring.boot.autoconfigure.DynamicDataSourceProperties] is not eligible for getting processed by all BeanPostProcessors (for example: not eligible for auto-proxying)
2022-03-21 17:52:18.318  INFO 31896 --- [main] trationDelegate$BeanPostProcessorChecker : Bean 'com.baomidou.dynamic.datasource.spring.boot.autoconfigure.DynamicDataSourceAutoConfiguration' of type [com.baomidou.dynamic.datasource.spring.boot.autoconfigure.DynamicDataSourceAutoConfiguration$$EnhancerBySpringCGLIB$$dcac3ab7] is not eligible for getting processed by all BeanPostProcessors (for example: not eligible for auto-proxying)
2022-03-21 17:52:18.511  INFO 31896 --- [main] trationDelegate$BeanPostProcessorChecker : Bean 'dsProcessor' of type [com.baomidou.dynamic.datasource.processor.DsHeaderProcessor] is not eligible for getting processed by all BeanPostProcessors (for example: not eligible for auto-proxying)
2022-03-21 17:52:18.845  INFO 31896 --- [main] com.zaxxer.hikari.HikariDataSource       : master - Starting...
2022-03-21 17:52:18.871  WARN 31896 --- [main] o.s.w.c.s.GenericWebApplicationContext   : Exception encountered during context initialization - cancelling refresh attempt: org.springframework.beans.factory.UnsatisfiedDependencyException: Error creating bean with name 'userServiceImpl': Unsatisfied dependency expressed through field 'baseMapper'; nested exception is org.springframework.beans.factory.UnsatisfiedDependencyException: Error creating bean with name 'userMapper' defined in file [D:\li\work\code\springboot_oh\user\target\classes\com\ovation\health\user\mapper\UserMapper.class]: Unsatisfied dependency expressed through bean property 'sqlSessionFactory'; nested exception is org.springframework.beans.factory.UnsatisfiedDependencyException: Error creating bean with name 'sqlSessionFactory' defined in class path resource [com/baomidou/mybatisplus/autoconfigure/MybatisPlusAutoConfiguration.class]: Unsatisfied dependency expressed through method 'sqlSessionFactory' parameter 0; nested exception is org.springframework.beans.factory.BeanCreationException: Error creating bean with name 'dataSource' defined in class path resource [com/baomidou/dynamic/datasource/spring/boot/autoconfigure/DynamicDataSourceAutoConfiguration.class]: Invocation of init method failed; nested exception is java.lang.RuntimeException: Driver com.mysql.cj.jdbc.Driver claims to not accept jdbcUrl, jdbc:myhsql//127.0.0.1:3306/spring-boot-demo?useUnicode=true&characterEncoding=UTF-8&useSSL=false&autoReconnect=true&failOverReadOnly=false&serverTimezone=GMT%2B8
2022-03-21 17:52:18.890  INFO 31896 --- [main] ConditionEvaluationReportLoggingListener : 

Error starting ApplicationContext. To display the conditions report re-run your application with 'debug' enabled.
2022-03-21 17:53:55.944  INFO 15284 --- [main] c.o.health.user.service.UserServiceTest  : Starting UserServiceTest on DESKTOP-3EUJQE3 with PID 15284 (started by 6E ALIENWARE in D:\li\work\code\springboot_oh\user)
2022-03-21 17:53:55.946  INFO 15284 --- [main] c.o.health.user.service.UserServiceTest  : No active profile set, falling back to default profiles: default
2022-03-21 17:53:56.825  WARN 15284 --- [main] t.m.s.mapper.ClassPathMapperScanner      : No MyBatis mapper was found in '[com.ovation.health.user]' package. Please check your configuration.
2022-03-21 17:53:56.899  INFO 15284 --- [main] .s.d.r.c.RepositoryConfigurationDelegate : Multiple Spring Data modules found, entering strict repository configuration mode!
2022-03-21 17:53:56.904  INFO 15284 --- [main] .s.d.r.c.RepositoryConfigurationDelegate : Bootstrapping Spring Data Redis repositories in DEFAULT mode.
2022-03-21 17:53:56.941  INFO 15284 --- [main] .s.d.r.c.RepositoryConfigurationDelegate : Finished Spring Data repository scanning in 15ms. Found 0 Redis repository interfaces.
2022-03-21 17:53:57.667  INFO 15284 --- [main] trationDelegate$BeanPostProcessorChecker : Bean 'spring.datasource.dynamic-com.baomidou.dynamic.datasource.spring.boot.autoconfigure.DynamicDataSourceProperties' of type [com.baomidou.dynamic.datasource.spring.boot.autoconfigure.DynamicDataSourceProperties] is not eligible for getting processed by all BeanPostProcessors (for example: not eligible for auto-proxying)
2022-03-21 17:53:57.678  INFO 15284 --- [main] trationDelegate$BeanPostProcessorChecker : Bean 'com.baomidou.dynamic.datasource.spring.boot.autoconfigure.DynamicDataSourceAutoConfiguration' of type [com.baomidou.dynamic.datasource.spring.boot.autoconfigure.DynamicDataSourceAutoConfiguration$$EnhancerBySpringCGLIB$$2caba8af] is not eligible for getting processed by all BeanPostProcessors (for example: not eligible for auto-proxying)
2022-03-21 17:53:57.855  INFO 15284 --- [main] trationDelegate$BeanPostProcessorChecker : Bean 'dsProcessor' of type [com.baomidou.dynamic.datasource.processor.DsHeaderProcessor] is not eligible for getting processed by all BeanPostProcessors (for example: not eligible for auto-proxying)
2022-03-21 17:53:58.245  INFO 15284 --- [main] com.zaxxer.hikari.HikariDataSource       : master - Starting...
2022-03-21 17:53:58.274  WARN 15284 --- [main] o.s.w.c.s.GenericWebApplicationContext   : Exception encountered during context initialization - cancelling refresh attempt: org.springframework.beans.factory.UnsatisfiedDependencyException: Error creating bean with name 'userServiceImpl': Unsatisfied dependency expressed through field 'baseMapper'; nested exception is org.springframework.beans.factory.UnsatisfiedDependencyException: Error creating bean with name 'userMapper' defined in file [D:\li\work\code\springboot_oh\user\target\classes\com\ovation\health\user\mapper\UserMapper.class]: Unsatisfied dependency expressed through bean property 'sqlSessionFactory'; nested exception is org.springframework.beans.factory.UnsatisfiedDependencyException: Error creating bean with name 'sqlSessionFactory' defined in class path resource [com/baomidou/mybatisplus/autoconfigure/MybatisPlusAutoConfiguration.class]: Unsatisfied dependency expressed through method 'sqlSessionFactory' parameter 0; nested exception is org.springframework.beans.factory.BeanCreationException: Error creating bean with name 'dataSource' defined in class path resource [com/baomidou/dynamic/datasource/spring/boot/autoconfigure/DynamicDataSourceAutoConfiguration.class]: Invocation of init method failed; nested exception is java.lang.RuntimeException: Driver com.mysql.cj.jdbc.Driver claims to not accept jdbcUrl, jdbc:mysql//127.0.0.1:3306/spring-boot-demo?useUnicode=true&characterEncoding=UTF-8&useSSL=false&autoReconnect=true&failOverReadOnly=false&serverTimezone=GMT%2B8
2022-03-21 17:53:58.287  INFO 15284 --- [main] ConditionEvaluationReportLoggingListener : 

Error starting ApplicationContext. To display the conditions report re-run your application with 'debug' enabled.
2022-03-21 17:56:09.015  INFO 19936 --- [main] c.o.health.user.service.UserServiceTest  : Starting UserServiceTest on DESKTOP-3EUJQE3 with PID 19936 (started by 6E ALIENWARE in D:\li\work\code\springboot_oh\user)
2022-03-21 17:56:09.019  INFO 19936 --- [main] c.o.health.user.service.UserServiceTest  : No active profile set, falling back to default profiles: default
2022-03-21 17:56:10.121  WARN 19936 --- [main] t.m.s.mapper.ClassPathMapperScanner      : No MyBatis mapper was found in '[com.ovation.health.user]' package. Please check your configuration.
2022-03-21 17:56:10.193  INFO 19936 --- [main] .s.d.r.c.RepositoryConfigurationDelegate : Multiple Spring Data modules found, entering strict repository configuration mode!
2022-03-21 17:56:10.198  INFO 19936 --- [main] .s.d.r.c.RepositoryConfigurationDelegate : Bootstrapping Spring Data Redis repositories in DEFAULT mode.
2022-03-21 17:56:10.233  INFO 19936 --- [main] .s.d.r.c.RepositoryConfigurationDelegate : Finished Spring Data repository scanning in 13ms. Found 0 Redis repository interfaces.
2022-03-21 17:56:10.960  INFO 19936 --- [main] trationDelegate$BeanPostProcessorChecker : Bean 'spring.datasource.dynamic-com.baomidou.dynamic.datasource.spring.boot.autoconfigure.DynamicDataSourceProperties' of type [com.baomidou.dynamic.datasource.spring.boot.autoconfigure.DynamicDataSourceProperties] is not eligible for getting processed by all BeanPostProcessors (for example: not eligible for auto-proxying)
2022-03-21 17:56:10.971  INFO 19936 --- [main] trationDelegate$BeanPostProcessorChecker : Bean 'com.baomidou.dynamic.datasource.spring.boot.autoconfigure.DynamicDataSourceAutoConfiguration' of type [com.baomidou.dynamic.datasource.spring.boot.autoconfigure.DynamicDataSourceAutoConfiguration$$EnhancerBySpringCGLIB$$e9248223] is not eligible for getting processed by all BeanPostProcessors (for example: not eligible for auto-proxying)
2022-03-21 17:56:11.143  INFO 19936 --- [main] trationDelegate$BeanPostProcessorChecker : Bean 'dsProcessor' of type [com.baomidou.dynamic.datasource.processor.DsHeaderProcessor] is not eligible for getting processed by all BeanPostProcessors (for example: not eligible for auto-proxying)
2022-03-21 17:56:11.497  INFO 19936 --- [main] com.zaxxer.hikari.HikariDataSource       : master - Starting...
2022-03-21 17:56:11.529  WARN 19936 --- [main] o.s.w.c.s.GenericWebApplicationContext   : Exception encountered during context initialization - cancelling refresh attempt: org.springframework.beans.factory.UnsatisfiedDependencyException: Error creating bean with name 'userServiceImpl': Unsatisfied dependency expressed through field 'baseMapper'; nested exception is org.springframework.beans.factory.UnsatisfiedDependencyException: Error creating bean with name 'userMapper' defined in file [D:\li\work\code\springboot_oh\user\target\classes\com\ovation\health\user\mapper\UserMapper.class]: Unsatisfied dependency expressed through bean property 'sqlSessionFactory'; nested exception is org.springframework.beans.factory.UnsatisfiedDependencyException: Error creating bean with name 'sqlSessionFactory' defined in class path resource [com/baomidou/mybatisplus/autoconfigure/MybatisPlusAutoConfiguration.class]: Unsatisfied dependency expressed through method 'sqlSessionFactory' parameter 0; nested exception is org.springframework.beans.factory.BeanCreationException: Error creating bean with name 'dataSource' defined in class path resource [com/baomidou/dynamic/datasource/spring/boot/autoconfigure/DynamicDataSourceAutoConfiguration.class]: Invocation of init method failed; nested exception is java.lang.RuntimeException: Driver com.mysql.cj.jdbc.Driver claims to not accept jdbcUrl, jdbc:mysql//127.0.0.1:3306/spring-boot-demo?useUnicode=true&characterEncoding=UTF-8&useSSL=false&autoReconnect=true&failOverReadOnly=false&serverTimezone=GMT
2022-03-21 17:56:11.545  INFO 19936 --- [main] ConditionEvaluationReportLoggingListener : 

Error starting ApplicationContext. To display the conditions report re-run your application with 'debug' enabled.
2022-03-21 17:57:10.225  INFO 30748 --- [main] c.o.health.user.service.UserServiceTest  : Starting UserServiceTest on DESKTOP-3EUJQE3 with PID 30748 (started by 6E ALIENWARE in D:\li\work\code\springboot_oh\user)
2022-03-21 17:57:10.227  INFO 30748 --- [main] c.o.health.user.service.UserServiceTest  : No active profile set, falling back to default profiles: default
2022-03-21 17:57:11.078  WARN 30748 --- [main] t.m.s.mapper.ClassPathMapperScanner      : No MyBatis mapper was found in '[com.ovation.health.user]' package. Please check your configuration.
2022-03-21 17:57:11.151  INFO 30748 --- [main] .s.d.r.c.RepositoryConfigurationDelegate : Multiple Spring Data modules found, entering strict repository configuration mode!
2022-03-21 17:57:11.155  INFO 30748 --- [main] .s.d.r.c.RepositoryConfigurationDelegate : Bootstrapping Spring Data Redis repositories in DEFAULT mode.
2022-03-21 17:57:11.189  INFO 30748 --- [main] .s.d.r.c.RepositoryConfigurationDelegate : Finished Spring Data repository scanning in 14ms. Found 0 Redis repository interfaces.
2022-03-21 17:57:11.870  INFO 30748 --- [main] trationDelegate$BeanPostProcessorChecker : Bean 'spring.datasource.dynamic-com.baomidou.dynamic.datasource.spring.boot.autoconfigure.DynamicDataSourceProperties' of type [com.baomidou.dynamic.datasource.spring.boot.autoconfigure.DynamicDataSourceProperties] is not eligible for getting processed by all BeanPostProcessors (for example: not eligible for auto-proxying)
2022-03-21 17:57:11.881  INFO 30748 --- [main] trationDelegate$BeanPostProcessorChecker : Bean 'com.baomidou.dynamic.datasource.spring.boot.autoconfigure.DynamicDataSourceAutoConfiguration' of type [com.baomidou.dynamic.datasource.spring.boot.autoconfigure.DynamicDataSourceAutoConfiguration$$EnhancerBySpringCGLIB$$f8789721] is not eligible for getting processed by all BeanPostProcessors (for example: not eligible for auto-proxying)
2022-03-21 17:57:12.055  INFO 30748 --- [main] trationDelegate$BeanPostProcessorChecker : Bean 'dsProcessor' of type [com.baomidou.dynamic.datasource.processor.DsHeaderProcessor] is not eligible for getting processed by all BeanPostProcessors (for example: not eligible for auto-proxying)
2022-03-21 17:57:12.399  INFO 30748 --- [main] com.zaxxer.hikari.HikariDataSource       : master - Starting...
2022-03-21 17:57:12.428  WARN 30748 --- [main] o.s.w.c.s.GenericWebApplicationContext   : Exception encountered during context initialization - cancelling refresh attempt: org.springframework.beans.factory.UnsatisfiedDependencyException: Error creating bean with name 'userServiceImpl': Unsatisfied dependency expressed through field 'baseMapper'; nested exception is org.springframework.beans.factory.UnsatisfiedDependencyException: Error creating bean with name 'userMapper' defined in file [D:\li\work\code\springboot_oh\user\target\classes\com\ovation\health\user\mapper\UserMapper.class]: Unsatisfied dependency expressed through bean property 'sqlSessionFactory'; nested exception is org.springframework.beans.factory.UnsatisfiedDependencyException: Error creating bean with name 'sqlSessionFactory' defined in class path resource [com/baomidou/mybatisplus/autoconfigure/MybatisPlusAutoConfiguration.class]: Unsatisfied dependency expressed through method 'sqlSessionFactory' parameter 0; nested exception is org.springframework.beans.factory.BeanCreationException: Error creating bean with name 'dataSource' defined in class path resource [com/baomidou/dynamic/datasource/spring/boot/autoconfigure/DynamicDataSourceAutoConfiguration.class]: Invocation of init method failed; nested exception is java.lang.RuntimeException: Driver com.mysql.cj.jdbc.Driver claims to not accept jdbcUrl, jdbc:mysql//127.0.0.1:3306/spring-boot-demo?useUnicode=true&characterEncoding=UTF-8&useSSL=false&autoReconnect=true&failOverReadOnly=false&serverTimezone=UTC
2022-03-21 17:57:12.445  INFO 30748 --- [main] ConditionEvaluationReportLoggingListener : 

Error starting ApplicationContext. To display the conditions report re-run your application with 'debug' enabled.
2022-03-21 18:00:44.941  INFO 14628 --- [main] c.o.health.user.service.UserServiceTest  : Starting UserServiceTest on DESKTOP-3EUJQE3 with PID 14628 (started by 6E ALIENWARE in D:\li\work\code\springboot_oh\user)
2022-03-21 18:00:44.942  INFO 14628 --- [main] c.o.health.user.service.UserServiceTest  : No active profile set, falling back to default profiles: default
2022-03-21 18:00:45.705  WARN 14628 --- [main] t.m.s.mapper.ClassPathMapperScanner      : No MyBatis mapper was found in '[com.ovation.health.user]' package. Please check your configuration.
2022-03-21 18:00:45.774  INFO 14628 --- [main] .s.d.r.c.RepositoryConfigurationDelegate : Multiple Spring Data modules found, entering strict repository configuration mode!
2022-03-21 18:00:45.778  INFO 14628 --- [main] .s.d.r.c.RepositoryConfigurationDelegate : Bootstrapping Spring Data Redis repositories in DEFAULT mode.
2022-03-21 18:00:45.813  INFO 14628 --- [main] .s.d.r.c.RepositoryConfigurationDelegate : Finished Spring Data repository scanning in 13ms. Found 0 Redis repository interfaces.
2022-03-21 18:00:46.492  INFO 14628 --- [main] trationDelegate$BeanPostProcessorChecker : Bean 'spring.datasource.dynamic-com.baomidou.dynamic.datasource.spring.boot.autoconfigure.DynamicDataSourceProperties' of type [com.baomidou.dynamic.datasource.spring.boot.autoconfigure.DynamicDataSourceProperties] is not eligible for getting processed by all BeanPostProcessors (for example: not eligible for auto-proxying)
2022-03-21 18:00:46.502  INFO 14628 --- [main] trationDelegate$BeanPostProcessorChecker : Bean 'com.baomidou.dynamic.datasource.spring.boot.autoconfigure.DynamicDataSourceAutoConfiguration' of type [com.baomidou.dynamic.datasource.spring.boot.autoconfigure.DynamicDataSourceAutoConfiguration$$EnhancerBySpringCGLIB$$2caba8af] is not eligible for getting processed by all BeanPostProcessors (for example: not eligible for auto-proxying)
2022-03-21 18:00:46.689  INFO 14628 --- [main] trationDelegate$BeanPostProcessorChecker : Bean 'dsProcessor' of type [com.baomidou.dynamic.datasource.processor.DsHeaderProcessor] is not eligible for getting processed by all BeanPostProcessors (for example: not eligible for auto-proxying)
2022-03-21 18:00:46.998  INFO 14628 --- [main] com.zaxxer.hikari.HikariDataSource       : master - Starting...
2022-03-21 18:00:47.025  WARN 14628 --- [main] o.s.w.c.s.GenericWebApplicationContext   : Exception encountered during context initialization - cancelling refresh attempt: org.springframework.beans.factory.UnsatisfiedDependencyException: Error creating bean with name 'userServiceImpl': Unsatisfied dependency expressed through field 'baseMapper'; nested exception is org.springframework.beans.factory.UnsatisfiedDependencyException: Error creating bean with name 'userMapper' defined in file [D:\li\work\code\springboot_oh\user\target\classes\com\ovation\health\user\mapper\UserMapper.class]: Unsatisfied dependency expressed through bean property 'sqlSessionFactory'; nested exception is org.springframework.beans.factory.UnsatisfiedDependencyException: Error creating bean with name 'sqlSessionFactory' defined in class path resource [com/baomidou/mybatisplus/autoconfigure/MybatisPlusAutoConfiguration.class]: Unsatisfied dependency expressed through method 'sqlSessionFactory' parameter 0; nested exception is org.springframework.beans.factory.BeanCreationException: Error creating bean with name 'dataSource' defined in class path resource [com/baomidou/dynamic/datasource/spring/boot/autoconfigure/DynamicDataSourceAutoConfiguration.class]: Invocation of init method failed; nested exception is java.lang.RuntimeException: Driver com.mysql.cj.jdbc.Driver claims to not accept jdbcUrl, jdbc:mysql//127.0.0.1:3306/spring-boot-demo?serverTimezone=UTC&useUnicode=true&characterEncoding=utf8&useSSL=false
2022-03-21 18:00:47.038  INFO 14628 --- [main] ConditionEvaluationReportLoggingListener : 

Error starting ApplicationContext. To display the conditions report re-run your application with 'debug' enabled.
2022-03-21 18:01:45.148  INFO 18192 --- [main] c.o.health.user.service.UserServiceTest  : Starting UserServiceTest on DESKTOP-3EUJQE3 with PID 18192 (started by 6E ALIENWARE in D:\li\work\code\springboot_oh\user)
2022-03-21 18:01:45.150  INFO 18192 --- [main] c.o.health.user.service.UserServiceTest  : No active profile set, falling back to default profiles: default
2022-03-21 18:01:45.959  WARN 18192 --- [main] t.m.s.mapper.ClassPathMapperScanner      : No MyBatis mapper was found in '[com.ovation.health.user]' package. Please check your configuration.
2022-03-21 18:01:46.032  INFO 18192 --- [main] .s.d.r.c.RepositoryConfigurationDelegate : Multiple Spring Data modules found, entering strict repository configuration mode!
2022-03-21 18:01:46.036  INFO 18192 --- [main] .s.d.r.c.RepositoryConfigurationDelegate : Bootstrapping Spring Data Redis repositories in DEFAULT mode.
2022-03-21 18:01:46.067  INFO 18192 --- [main] .s.d.r.c.RepositoryConfigurationDelegate : Finished Spring Data repository scanning in 11ms. Found 0 Redis repository interfaces.
2022-03-21 18:01:46.707  INFO 18192 --- [main] trationDelegate$BeanPostProcessorChecker : Bean 'spring.datasource.dynamic-com.baomidou.dynamic.datasource.spring.boot.autoconfigure.DynamicDataSourceProperties' of type [com.baomidou.dynamic.datasource.spring.boot.autoconfigure.DynamicDataSourceProperties] is not eligible for getting processed by all BeanPostProcessors (for example: not eligible for auto-proxying)
2022-03-21 18:01:46.715  INFO 18192 --- [main] trationDelegate$BeanPostProcessorChecker : Bean 'com.baomidou.dynamic.datasource.spring.boot.autoconfigure.DynamicDataSourceAutoConfiguration' of type [com.baomidou.dynamic.datasource.spring.boot.autoconfigure.DynamicDataSourceAutoConfiguration$$EnhancerBySpringCGLIB$$9565fd98] is not eligible for getting processed by all BeanPostProcessors (for example: not eligible for auto-proxying)
2022-03-21 18:01:46.873  INFO 18192 --- [main] trationDelegate$BeanPostProcessorChecker : Bean 'dsProcessor' of type [com.baomidou.dynamic.datasource.processor.DsHeaderProcessor] is not eligible for getting processed by all BeanPostProcessors (for example: not eligible for auto-proxying)
2022-03-21 18:01:47.207  INFO 18192 --- [main] com.zaxxer.hikari.HikariDataSource       : master - Starting...
2022-03-21 18:01:47.473  INFO 18192 --- [main] com.zaxxer.hikari.HikariDataSource       : master - Start completed.
2022-03-21 18:01:47.476  INFO 18192 --- [main] com.zaxxer.hikari.HikariDataSource       : slave - Starting...
2022-03-21 18:01:47.482  INFO 18192 --- [main] com.zaxxer.hikari.HikariDataSource       : slave - Start completed.
2022-03-21 18:01:47.482  INFO 18192 --- [main] c.b.d.d.DynamicRoutingDataSource         : dynamic-datasource - add a datasource named [slave] success
2022-03-21 18:01:47.483  INFO 18192 --- [main] c.b.d.d.DynamicRoutingDataSource         : dynamic-datasource - add a datasource named [master] success
2022-03-21 18:01:47.483  INFO 18192 --- [main] c.b.d.d.DynamicRoutingDataSource         : dynamic-datasource initial loaded [2] datasource,primary datasource named [master]
2022-03-21 18:01:47.535  WARN 18192 --- [main] o.s.w.c.s.GenericWebApplicationContext   : Exception encountered during context initialization - cancelling refresh attempt: org.springframework.beans.factory.UnsatisfiedDependencyException: Error creating bean with name 'userServiceImpl': Unsatisfied dependency expressed through field 'baseMapper'; nested exception is org.springframework.beans.factory.UnsatisfiedDependencyException: Error creating bean with name 'userMapper' defined in file [D:\li\work\code\springboot_oh\user\target\classes\com\ovation\health\user\mapper\UserMapper.class]: Unsatisfied dependency expressed through bean property 'sqlSessionFactory'; nested exception is org.springframework.beans.factory.BeanCreationException: Error creating bean with name 'sqlSessionFactory' defined in class path resource [com/baomidou/mybatisplus/autoconfigure/MybatisPlusAutoConfiguration.class]: Bean instantiation via factory method failed; nested exception is org.springframework.beans.BeanInstantiationException: Failed to instantiate [org.apache.ibatis.session.SqlSessionFactory]: Factory method 'sqlSessionFactory' threw exception; nested exception is java.lang.NoClassDefFoundError: org/mybatis/logging/LoggerFactory
2022-03-21 18:01:47.536  INFO 18192 --- [main] c.b.d.d.DynamicRoutingDataSource         : dynamic-datasource start closing ....
2022-03-21 18:01:47.536  INFO 18192 --- [main] com.zaxxer.hikari.HikariDataSource       : slave - Shutdown initiated...
2022-03-21 18:01:47.542  INFO 18192 --- [main] com.zaxxer.hikari.HikariDataSource       : slave - Shutdown completed.
2022-03-21 18:01:47.542  INFO 18192 --- [main] com.zaxxer.hikari.HikariDataSource       : master - Shutdown initiated...
2022-03-21 18:01:47.544  INFO 18192 --- [main] com.zaxxer.hikari.HikariDataSource       : master - Shutdown completed.
2022-03-21 18:01:47.545  INFO 18192 --- [main] c.b.d.d.DynamicRoutingDataSource         : dynamic-datasource all closed success,bye
2022-03-21 18:01:47.558  INFO 18192 --- [main] ConditionEvaluationReportLoggingListener : 

Error starting ApplicationContext. To display the conditions report re-run your application with 'debug' enabled.
2022-03-21 18:05:32.502  INFO 24236 --- [main] c.o.health.user.service.UserServiceTest  : Starting UserServiceTest on DESKTOP-3EUJQE3 with PID 24236 (started by 6E ALIENWARE in D:\li\work\code\springboot_oh\user)
2022-03-21 18:05:32.503 DEBUG 24236 --- [main] c.o.health.user.service.UserServiceTest  : Running with Spring Boot v2.3.5.RELEASE, Spring v5.2.10.RELEASE
2022-03-21 18:05:32.504  INFO 24236 --- [main] c.o.health.user.service.UserServiceTest  : No active profile set, falling back to default profiles: default
2022-03-21 18:05:33.282  WARN 24236 --- [main] t.m.s.mapper.ClassPathMapperScanner      : No MyBatis mapper was found in '[com.ovation.health.user]' package. Please check your configuration.
2022-03-21 18:05:33.346  INFO 24236 --- [main] .s.d.r.c.RepositoryConfigurationDelegate : Multiple Spring Data modules found, entering strict repository configuration mode!
2022-03-21 18:05:33.351  INFO 24236 --- [main] .s.d.r.c.RepositoryConfigurationDelegate : Bootstrapping Spring Data Redis repositories in DEFAULT mode.
2022-03-21 18:05:33.381  INFO 24236 --- [main] .s.d.r.c.RepositoryConfigurationDelegate : Finished Spring Data repository scanning in 11ms. Found 0 Redis repository interfaces.
2022-03-21 18:05:34.096  INFO 24236 --- [main] trationDelegate$BeanPostProcessorChecker : Bean 'spring.datasource.dynamic-com.baomidou.dynamic.datasource.spring.boot.autoconfigure.DynamicDataSourceProperties' of type [com.baomidou.dynamic.datasource.spring.boot.autoconfigure.DynamicDataSourceProperties] is not eligible for getting processed by all BeanPostProcessors (for example: not eligible for auto-proxying)
2022-03-21 18:05:34.109  INFO 24236 --- [main] trationDelegate$BeanPostProcessorChecker : Bean 'com.baomidou.dynamic.datasource.spring.boot.autoconfigure.DynamicDataSourceAutoConfiguration' of type [com.baomidou.dynamic.datasource.spring.boot.autoconfigure.DynamicDataSourceAutoConfiguration$$EnhancerBySpringCGLIB$$48b7f2a9] is not eligible for getting processed by all BeanPostProcessors (for example: not eligible for auto-proxying)
2022-03-21 18:05:34.320  INFO 24236 --- [main] trationDelegate$BeanPostProcessorChecker : Bean 'dsProcessor' of type [com.baomidou.dynamic.datasource.processor.DsHeaderProcessor] is not eligible for getting processed by all BeanPostProcessors (for example: not eligible for auto-proxying)
2022-03-21 18:05:34.686  INFO 24236 --- [main] com.zaxxer.hikari.HikariDataSource       : master - Starting...
2022-03-21 18:05:34.990  INFO 24236 --- [main] com.zaxxer.hikari.HikariDataSource       : master - Start completed.
2022-03-21 18:05:34.995  INFO 24236 --- [main] com.zaxxer.hikari.HikariDataSource       : slave - Starting...
2022-03-21 18:05:35.004  INFO 24236 --- [main] com.zaxxer.hikari.HikariDataSource       : slave - Start completed.
2022-03-21 18:05:35.005  INFO 24236 --- [main] c.b.d.d.DynamicRoutingDataSource         : dynamic-datasource - add a datasource named [slave] success
2022-03-21 18:05:35.005  INFO 24236 --- [main] c.b.d.d.DynamicRoutingDataSource         : dynamic-datasource - add a datasource named [master] success
2022-03-21 18:05:35.005  INFO 24236 --- [main] c.b.d.d.DynamicRoutingDataSource         : dynamic-datasource initial loaded [2] datasource,primary datasource named [master]
2022-03-21 18:05:35.074  WARN 24236 --- [main] o.s.w.c.s.GenericWebApplicationContext   : Exception encountered during context initialization - cancelling refresh attempt: org.springframework.beans.factory.UnsatisfiedDependencyException: Error creating bean with name 'userServiceImpl': Unsatisfied dependency expressed through field 'baseMapper'; nested exception is org.springframework.beans.factory.UnsatisfiedDependencyException: Error creating bean with name 'userMapper' defined in file [D:\li\work\code\springboot_oh\user\target\classes\com\ovation\health\user\mapper\UserMapper.class]: Unsatisfied dependency expressed through bean property 'sqlSessionFactory'; nested exception is org.springframework.beans.factory.BeanCreationException: Error creating bean with name 'sqlSessionFactory' defined in class path resource [com/baomidou/mybatisplus/autoconfigure/MybatisPlusAutoConfiguration.class]: Bean instantiation via factory method failed; nested exception is org.springframework.beans.BeanInstantiationException: Failed to instantiate [org.apache.ibatis.session.SqlSessionFactory]: Factory method 'sqlSessionFactory' threw exception; nested exception is java.lang.NoClassDefFoundError: org/mybatis/logging/LoggerFactory
2022-03-21 18:05:35.075  INFO 24236 --- [main] c.b.d.d.DynamicRoutingDataSource         : dynamic-datasource start closing ....
2022-03-21 18:05:35.076  INFO 24236 --- [main] com.zaxxer.hikari.HikariDataSource       : slave - Shutdown initiated...
2022-03-21 18:05:35.082  INFO 24236 --- [main] com.zaxxer.hikari.HikariDataSource       : slave - Shutdown completed.
2022-03-21 18:05:35.082  INFO 24236 --- [main] com.zaxxer.hikari.HikariDataSource       : master - Shutdown initiated...
2022-03-21 18:05:35.084  INFO 24236 --- [main] com.zaxxer.hikari.HikariDataSource       : master - Shutdown completed.
2022-03-21 18:05:35.085  INFO 24236 --- [main] c.b.d.d.DynamicRoutingDataSource         : dynamic-datasource all closed success,bye
2022-03-21 18:05:35.100  INFO 24236 --- [main] ConditionEvaluationReportLoggingListener : 

Error starting ApplicationContext. To display the conditions report re-run your application with 'debug' enabled.
2022-03-21 18:15:32.817  INFO 25968 --- [main] c.o.health.user.service.UserServiceTest  : Starting UserServiceTest on DESKTOP-3EUJQE3 with PID 25968 (started by 6E ALIENWARE in D:\li\work\code\springboot_oh\user)
2022-03-21 18:15:32.819 DEBUG 25968 --- [main] c.o.health.user.service.UserServiceTest  : Running with Spring Boot v2.3.5.RELEASE, Spring v5.2.10.RELEASE
2022-03-21 18:15:32.820  INFO 25968 --- [main] c.o.health.user.service.UserServiceTest  : No active profile set, falling back to default profiles: default
2022-03-21 18:15:33.691  WARN 25968 --- [main] t.m.s.mapper.ClassPathMapperScanner      : No MyBatis mapper was found in '[com.ovation.health.user]' package. Please check your configuration.
2022-03-21 18:15:33.769  INFO 25968 --- [main] .s.d.r.c.RepositoryConfigurationDelegate : Multiple Spring Data modules found, entering strict repository configuration mode!
2022-03-21 18:15:33.774  INFO 25968 --- [main] .s.d.r.c.RepositoryConfigurationDelegate : Bootstrapping Spring Data Redis repositories in DEFAULT mode.
2022-03-21 18:15:33.809  INFO 25968 --- [main] .s.d.r.c.RepositoryConfigurationDelegate : Finished Spring Data repository scanning in 12ms. Found 0 Redis repository interfaces.
2022-03-21 18:15:34.513  INFO 25968 --- [main] trationDelegate$BeanPostProcessorChecker : Bean 'spring.datasource.dynamic-com.baomidou.dynamic.datasource.spring.boot.autoconfigure.DynamicDataSourceProperties' of type [com.baomidou.dynamic.datasource.spring.boot.autoconfigure.DynamicDataSourceProperties] is not eligible for getting processed by all BeanPostProcessors (for example: not eligible for auto-proxying)
2022-03-21 18:15:34.525  INFO 25968 --- [main] trationDelegate$BeanPostProcessorChecker : Bean 'com.baomidou.dynamic.datasource.spring.boot.autoconfigure.DynamicDataSourceAutoConfiguration' of type [com.baomidou.dynamic.datasource.spring.boot.autoconfigure.DynamicDataSourceAutoConfiguration$$EnhancerBySpringCGLIB$$d1d08dac] is not eligible for getting processed by all BeanPostProcessors (for example: not eligible for auto-proxying)
2022-03-21 18:15:34.698  INFO 25968 --- [main] trationDelegate$BeanPostProcessorChecker : Bean 'dsProcessor' of type [com.baomidou.dynamic.datasource.processor.DsHeaderProcessor] is not eligible for getting processed by all BeanPostProcessors (for example: not eligible for auto-proxying)
2022-03-21 18:15:35.088  INFO 25968 --- [main] com.zaxxer.hikari.HikariDataSource       : master - Starting...
2022-03-21 18:15:35.385  INFO 25968 --- [main] com.zaxxer.hikari.HikariDataSource       : master - Start completed.
2022-03-21 18:15:35.389  INFO 25968 --- [main] com.zaxxer.hikari.HikariDataSource       : slave - Starting...
2022-03-21 18:15:35.395  INFO 25968 --- [main] com.zaxxer.hikari.HikariDataSource       : slave - Start completed.
2022-03-21 18:15:35.396  INFO 25968 --- [main] c.b.d.d.DynamicRoutingDataSource         : dynamic-datasource - add a datasource named [slave] success
2022-03-21 18:15:35.396  INFO 25968 --- [main] c.b.d.d.DynamicRoutingDataSource         : dynamic-datasource - add a datasource named [master] success
2022-03-21 18:15:35.396  INFO 25968 --- [main] c.b.d.d.DynamicRoutingDataSource         : dynamic-datasource initial loaded [2] datasource,primary datasource named [master]
2022-03-21 18:15:35.458  WARN 25968 --- [main] o.s.w.c.s.GenericWebApplicationContext   : Exception encountered during context initialization - cancelling refresh attempt: org.springframework.beans.factory.UnsatisfiedDependencyException: Error creating bean with name 'userServiceImpl': Unsatisfied dependency expressed through field 'baseMapper'; nested exception is org.springframework.beans.factory.UnsatisfiedDependencyException: Error creating bean with name 'userMapper' defined in file [D:\li\work\code\springboot_oh\user\target\classes\com\ovation\health\user\mapper\UserMapper.class]: Unsatisfied dependency expressed through bean property 'sqlSessionFactory'; nested exception is org.springframework.beans.factory.BeanCreationException: Error creating bean with name 'sqlSessionFactory' defined in class path resource [com/baomidou/mybatisplus/autoconfigure/MybatisPlusAutoConfiguration.class]: Bean instantiation via factory method failed; nested exception is org.springframework.beans.BeanInstantiationException: Failed to instantiate [org.apache.ibatis.session.SqlSessionFactory]: Factory method 'sqlSessionFactory' threw exception; nested exception is java.lang.NoClassDefFoundError: org/mybatis/logging/LoggerFactory
2022-03-21 18:15:35.459  INFO 25968 --- [main] c.b.d.d.DynamicRoutingDataSource         : dynamic-datasource start closing ....
2022-03-21 18:15:35.459  INFO 25968 --- [main] com.zaxxer.hikari.HikariDataSource       : slave - Shutdown initiated...
2022-03-21 18:15:35.465  INFO 25968 --- [main] com.zaxxer.hikari.HikariDataSource       : slave - Shutdown completed.
2022-03-21 18:15:35.465  INFO 25968 --- [main] com.zaxxer.hikari.HikariDataSource       : master - Shutdown initiated...
2022-03-21 18:15:35.468  INFO 25968 --- [main] com.zaxxer.hikari.HikariDataSource       : master - Shutdown completed.
2022-03-21 18:15:35.469  INFO 25968 --- [main] c.b.d.d.DynamicRoutingDataSource         : dynamic-datasource all closed success,bye
2022-03-21 18:15:35.483  INFO 25968 --- [main] ConditionEvaluationReportLoggingListener : 

Error starting ApplicationContext. To display the conditions report re-run your application with 'debug' enabled.
2022-03-21 18:17:55.960  INFO 8240 --- [main] c.o.health.user.service.UserServiceTest  : Starting UserServiceTest on DESKTOP-3EUJQE3 with PID 8240 (started by 6E ALIENWARE in D:\li\work\code\springboot_oh\user)
2022-03-21 18:17:55.962 DEBUG 8240 --- [main] c.o.health.user.service.UserServiceTest  : Running with Spring Boot v2.3.5.RELEASE, Spring v5.2.10.RELEASE
2022-03-21 18:17:55.963  INFO 8240 --- [main] c.o.health.user.service.UserServiceTest  : No active profile set, falling back to default profiles: default
2022-03-21 18:24:26.203  INFO 24768 --- [main] c.o.health.user.service.UserServiceTest  : Starting UserServiceTest on DESKTOP-3EUJQE3 with PID 24768 (started by 6E ALIENWARE in D:\li\work\code\springboot_oh\user)
2022-03-21 18:24:26.205 DEBUG 24768 --- [main] c.o.health.user.service.UserServiceTest  : Running with Spring Boot v2.3.5.RELEASE, Spring v5.2.10.RELEASE
2022-03-21 18:24:26.205  INFO 24768 --- [main] c.o.health.user.service.UserServiceTest  : No active profile set, falling back to default profiles: default
2022-03-21 18:24:27.039  INFO 24768 --- [main] .s.d.r.c.RepositoryConfigurationDelegate : Multiple Spring Data modules found, entering strict repository configuration mode!
2022-03-21 18:24:27.042  INFO 24768 --- [main] .s.d.r.c.RepositoryConfigurationDelegate : Bootstrapping Spring Data Redis repositories in DEFAULT mode.
2022-03-21 18:24:27.087  INFO 24768 --- [main] .s.d.r.c.RepositoryConfigurationDelegate : Finished Spring Data repository scanning in 22ms. Found 0 Redis repository interfaces.
2022-03-21 18:24:27.199  WARN 24768 --- [main] t.m.s.mapper.ClassPathMapperScanner      : No MyBatis mapper was found in '[com.ovation.health.user]' package. Please check your configuration.
2022-03-21 18:24:27.799  INFO 24768 --- [main] trationDelegate$BeanPostProcessorChecker : Bean 'spring.datasource.dynamic-com.baomidou.dynamic.datasource.spring.boot.autoconfigure.DynamicDataSourceProperties' of type [com.baomidou.dynamic.datasource.spring.boot.autoconfigure.DynamicDataSourceProperties] is not eligible for getting processed by all BeanPostProcessors (for example: not eligible for auto-proxying)
2022-03-21 18:24:27.814  INFO 24768 --- [main] trationDelegate$BeanPostProcessorChecker : Bean 'com.baomidou.dynamic.datasource.spring.boot.autoconfigure.DynamicDataSourceAutoConfiguration' of type [com.baomidou.dynamic.datasource.spring.boot.autoconfigure.DynamicDataSourceAutoConfiguration$$EnhancerBySpringCGLIB$$79709e76] is not eligible for getting processed by all BeanPostProcessors (for example: not eligible for auto-proxying)
2022-03-21 18:24:27.998  INFO 24768 --- [main] trationDelegate$BeanPostProcessorChecker : Bean 'dsProcessor' of type [com.baomidou.dynamic.datasource.processor.DsHeaderProcessor] is not eligible for getting processed by all BeanPostProcessors (for example: not eligible for auto-proxying)
2022-03-21 18:24:28.305  INFO 24768 --- [main] com.zaxxer.hikari.HikariDataSource       : master - Starting...
2022-03-21 18:24:28.590  INFO 24768 --- [main] com.zaxxer.hikari.HikariDataSource       : master - Start completed.
2022-03-21 18:24:28.594  INFO 24768 --- [main] com.zaxxer.hikari.HikariDataSource       : slave - Starting...
2022-03-21 18:24:28.602  INFO 24768 --- [main] com.zaxxer.hikari.HikariDataSource       : slave - Start completed.
2022-03-21 18:24:28.602  INFO 24768 --- [main] c.b.d.d.DynamicRoutingDataSource         : dynamic-datasource - add a datasource named [slave] success
2022-03-21 18:24:28.603  INFO 24768 --- [main] c.b.d.d.DynamicRoutingDataSource         : dynamic-datasource - add a datasource named [master] success
2022-03-21 18:24:28.603  INFO 24768 --- [main] c.b.d.d.DynamicRoutingDataSource         : dynamic-datasource initial loaded [2] datasource,primary datasource named [master]
2022-03-21 18:24:28.656  WARN 24768 --- [main] o.s.w.c.s.GenericWebApplicationContext   : Exception encountered during context initialization - cancelling refresh attempt: org.springframework.beans.factory.UnsatisfiedDependencyException: Error creating bean with name 'userServiceImpl': Unsatisfied dependency expressed through field 'baseMapper'; nested exception is org.springframework.beans.factory.UnsatisfiedDependencyException: Error creating bean with name 'userMapper' defined in file [D:\li\work\code\springboot_oh\user\target\classes\com\ovation\health\user\mapper\UserMapper.class]: Unsatisfied dependency expressed through bean property 'sqlSessionFactory'; nested exception is org.springframework.beans.factory.BeanCreationException: Error creating bean with name 'sqlSessionFactory' defined in class path resource [com/baomidou/mybatisplus/autoconfigure/MybatisPlusAutoConfiguration.class]: Bean instantiation via factory method failed; nested exception is org.springframework.beans.BeanInstantiationException: Failed to instantiate [org.apache.ibatis.session.SqlSessionFactory]: Factory method 'sqlSessionFactory' threw exception; nested exception is java.lang.NoClassDefFoundError: org/mybatis/logging/LoggerFactory
2022-03-21 18:24:28.656  INFO 24768 --- [main] c.b.d.d.DynamicRoutingDataSource         : dynamic-datasource start closing ....
2022-03-21 18:24:28.657  INFO 24768 --- [main] com.zaxxer.hikari.HikariDataSource       : slave - Shutdown initiated...
2022-03-21 18:24:28.662  INFO 24768 --- [main] com.zaxxer.hikari.HikariDataSource       : slave - Shutdown completed.
2022-03-21 18:24:28.662  INFO 24768 --- [main] com.zaxxer.hikari.HikariDataSource       : master - Shutdown initiated...
2022-03-21 18:24:28.665  INFO 24768 --- [main] com.zaxxer.hikari.HikariDataSource       : master - Shutdown completed.
2022-03-21 18:24:28.665  INFO 24768 --- [main] c.b.d.d.DynamicRoutingDataSource         : dynamic-datasource all closed success,bye
2022-03-21 18:24:28.677  INFO 24768 --- [main] ConditionEvaluationReportLoggingListener : 

Error starting ApplicationContext. To display the conditions report re-run your application with 'debug' enabled.
2022-03-21 18:26:08.691  INFO 33028 --- [main] c.o.health.user.service.UserServiceTest  : Starting UserServiceTest on DESKTOP-3EUJQE3 with PID 33028 (started by 6E ALIENWARE in D:\li\work\code\springboot_oh\user)
2022-03-21 18:26:08.694 DEBUG 33028 --- [main] c.o.health.user.service.UserServiceTest  : Running with Spring Boot v2.3.5.RELEASE, Spring v5.2.10.RELEASE
2022-03-21 18:26:08.695  INFO 33028 --- [main] c.o.health.user.service.UserServiceTest  : No active profile set, falling back to default profiles: default
2022-03-21 18:26:09.610  INFO 33028 --- [main] .s.d.r.c.RepositoryConfigurationDelegate : Multiple Spring Data modules found, entering strict repository configuration mode!
2022-03-21 18:26:09.614  INFO 33028 --- [main] .s.d.r.c.RepositoryConfigurationDelegate : Bootstrapping Spring Data Redis repositories in DEFAULT mode.
2022-03-21 18:26:09.661  INFO 33028 --- [main] .s.d.r.c.RepositoryConfigurationDelegate : Finished Spring Data repository scanning in 22ms. Found 0 Redis repository interfaces.
2022-03-21 18:26:09.788  WARN 33028 --- [main] t.m.s.mapper.ClassPathMapperScanner      : No MyBatis mapper was found in '[com.ovation.health.user]' package. Please check your configuration.
2022-03-21 18:26:10.433  INFO 33028 --- [main] trationDelegate$BeanPostProcessorChecker : Bean 'spring.datasource.dynamic-com.baomidou.dynamic.datasource.spring.boot.autoconfigure.DynamicDataSourceProperties' of type [com.baomidou.dynamic.datasource.spring.boot.autoconfigure.DynamicDataSourceProperties] is not eligible for getting processed by all BeanPostProcessors (for example: not eligible for auto-proxying)
2022-03-21 18:26:10.445  INFO 33028 --- [main] trationDelegate$BeanPostProcessorChecker : Bean 'com.baomidou.dynamic.datasource.spring.boot.autoconfigure.DynamicDataSourceAutoConfiguration' of type [com.baomidou.dynamic.datasource.spring.boot.autoconfigure.DynamicDataSourceAutoConfiguration$$EnhancerBySpringCGLIB$$3a8cac58] is not eligible for getting processed by all BeanPostProcessors (for example: not eligible for auto-proxying)
2022-03-21 18:26:10.620  INFO 33028 --- [main] trationDelegate$BeanPostProcessorChecker : Bean 'dsProcessor' of type [com.baomidou.dynamic.datasource.processor.DsHeaderProcessor] is not eligible for getting processed by all BeanPostProcessors (for example: not eligible for auto-proxying)
2022-03-21 18:26:10.976  INFO 33028 --- [main] com.zaxxer.hikari.HikariDataSource       : master - Starting...
2022-03-21 18:26:11.269  INFO 33028 --- [main] com.zaxxer.hikari.HikariDataSource       : master - Start completed.
2022-03-21 18:26:11.273  INFO 33028 --- [main] com.zaxxer.hikari.HikariDataSource       : slave - Starting...
2022-03-21 18:26:11.279  INFO 33028 --- [main] com.zaxxer.hikari.HikariDataSource       : slave - Start completed.
2022-03-21 18:26:11.279  INFO 33028 --- [main] c.b.d.d.DynamicRoutingDataSource         : dynamic-datasource - add a datasource named [slave] success
2022-03-21 18:26:11.279  INFO 33028 --- [main] c.b.d.d.DynamicRoutingDataSource         : dynamic-datasource - add a datasource named [master] success
2022-03-21 18:26:11.280  INFO 33028 --- [main] c.b.d.d.DynamicRoutingDataSource         : dynamic-datasource initial loaded [2] datasource,primary datasource named [master]
2022-03-21 18:26:11.335  WARN 33028 --- [main] o.s.w.c.s.GenericWebApplicationContext   : Exception encountered during context initialization - cancelling refresh attempt: org.springframework.beans.factory.UnsatisfiedDependencyException: Error creating bean with name 'userServiceImpl': Unsatisfied dependency expressed through field 'baseMapper'; nested exception is org.springframework.beans.factory.UnsatisfiedDependencyException: Error creating bean with name 'userMapper' defined in file [D:\li\work\code\springboot_oh\user\target\classes\com\ovation\health\user\mapper\UserMapper.class]: Unsatisfied dependency expressed through bean property 'sqlSessionFactory'; nested exception is org.springframework.beans.factory.BeanCreationException: Error creating bean with name 'sqlSessionFactory' defined in class path resource [com/baomidou/mybatisplus/autoconfigure/MybatisPlusAutoConfiguration.class]: Bean instantiation via factory method failed; nested exception is org.springframework.beans.BeanInstantiationException: Failed to instantiate [org.apache.ibatis.session.SqlSessionFactory]: Factory method 'sqlSessionFactory' threw exception; nested exception is java.lang.NoClassDefFoundError: org/mybatis/logging/LoggerFactory
2022-03-21 18:26:11.336  INFO 33028 --- [main] c.b.d.d.DynamicRoutingDataSource         : dynamic-datasource start closing ....
2022-03-21 18:26:11.336  INFO 33028 --- [main] com.zaxxer.hikari.HikariDataSource       : slave - Shutdown initiated...
2022-03-21 18:26:11.341  INFO 33028 --- [main] com.zaxxer.hikari.HikariDataSource       : slave - Shutdown completed.
2022-03-21 18:26:11.342  INFO 33028 --- [main] com.zaxxer.hikari.HikariDataSource       : master - Shutdown initiated...
2022-03-21 18:26:11.344  INFO 33028 --- [main] com.zaxxer.hikari.HikariDataSource       : master - Shutdown completed.
2022-03-21 18:26:11.344  INFO 33028 --- [main] c.b.d.d.DynamicRoutingDataSource         : dynamic-datasource all closed success,bye
2022-03-21 18:26:11.353  INFO 33028 --- [main] ConditionEvaluationReportLoggingListener : 

Error starting ApplicationContext. To display the conditions report re-run your application with 'debug' enabled.
2022-03-21 18:30:26.572  INFO 14904 --- [main] c.o.health.user.service.UserServiceTest  : Starting UserServiceTest on DESKTOP-3EUJQE3 with PID 14904 (started by 6E ALIENWARE in D:\li\work\code\springboot_oh\user)
2022-03-21 18:30:26.574 DEBUG 14904 --- [main] c.o.health.user.service.UserServiceTest  : Running with Spring Boot v2.3.5.RELEASE, Spring v5.2.10.RELEASE
2022-03-21 18:30:26.574  INFO 14904 --- [main] c.o.health.user.service.UserServiceTest  : No active profile set, falling back to default profiles: default
2022-03-21 18:30:27.361  INFO 14904 --- [main] .s.d.r.c.RepositoryConfigurationDelegate : Multiple Spring Data modules found, entering strict repository configuration mode!
2022-03-21 18:30:27.363  INFO 14904 --- [main] .s.d.r.c.RepositoryConfigurationDelegate : Bootstrapping Spring Data Redis repositories in DEFAULT mode.
2022-03-21 18:30:27.410  INFO 14904 --- [main] .s.d.r.c.RepositoryConfigurationDelegate : Finished Spring Data repository scanning in 23ms. Found 0 Redis repository interfaces.
2022-03-21 18:30:27.526  WARN 14904 --- [main] t.m.s.mapper.ClassPathMapperScanner      : No MyBatis mapper was found in '[com.ovation.health.user]' package. Please check your configuration.
2022-03-21 18:30:28.092  INFO 14904 --- [main] trationDelegate$BeanPostProcessorChecker : Bean 'spring.datasource.dynamic-com.baomidou.dynamic.datasource.spring.boot.autoconfigure.DynamicDataSourceProperties' of type [com.baomidou.dynamic.datasource.spring.boot.autoconfigure.DynamicDataSourceProperties] is not eligible for getting processed by all BeanPostProcessors (for example: not eligible for auto-proxying)
2022-03-21 18:30:28.100  INFO 14904 --- [main] trationDelegate$BeanPostProcessorChecker : Bean 'com.baomidou.dynamic.datasource.spring.boot.autoconfigure.DynamicDataSourceAutoConfiguration' of type [com.baomidou.dynamic.datasource.spring.boot.autoconfigure.DynamicDataSourceAutoConfiguration$$EnhancerBySpringCGLIB$$d605a793] is not eligible for getting processed by all BeanPostProcessors (for example: not eligible for auto-proxying)
2022-03-21 18:30:28.291  INFO 14904 --- [main] trationDelegate$BeanPostProcessorChecker : Bean 'dsProcessor' of type [com.baomidou.dynamic.datasource.processor.DsHeaderProcessor] is not eligible for getting processed by all BeanPostProcessors (for example: not eligible for auto-proxying)
2022-03-21 18:30:28.635  INFO 14904 --- [main] com.zaxxer.hikari.HikariDataSource       : master - Starting...
2022-03-21 18:30:28.903  INFO 14904 --- [main] com.zaxxer.hikari.HikariDataSource       : master - Start completed.
2022-03-21 18:30:28.907  INFO 14904 --- [main] com.zaxxer.hikari.HikariDataSource       : slave - Starting...
2022-03-21 18:30:28.913  INFO 14904 --- [main] com.zaxxer.hikari.HikariDataSource       : slave - Start completed.
2022-03-21 18:30:28.913  INFO 14904 --- [main] c.b.d.d.DynamicRoutingDataSource         : dynamic-datasource - add a datasource named [slave] success
2022-03-21 18:30:28.913  INFO 14904 --- [main] c.b.d.d.DynamicRoutingDataSource         : dynamic-datasource - add a datasource named [master] success
2022-03-21 18:30:28.914  INFO 14904 --- [main] c.b.d.d.DynamicRoutingDataSource         : dynamic-datasource initial loaded [2] datasource,primary datasource named [master]
2022-03-21 18:30:28.965  WARN 14904 --- [main] o.s.w.c.s.GenericWebApplicationContext   : Exception encountered during context initialization - cancelling refresh attempt: org.springframework.beans.factory.UnsatisfiedDependencyException: Error creating bean with name 'userServiceImpl': Unsatisfied dependency expressed through field 'baseMapper'; nested exception is org.springframework.beans.factory.UnsatisfiedDependencyException: Error creating bean with name 'userMapper' defined in file [D:\li\work\code\springboot_oh\user\target\classes\com\ovation\health\user\mapper\UserMapper.class]: Unsatisfied dependency expressed through bean property 'sqlSessionFactory'; nested exception is org.springframework.beans.factory.BeanCreationException: Error creating bean with name 'sqlSessionFactory' defined in class path resource [com/baomidou/mybatisplus/autoconfigure/MybatisPlusAutoConfiguration.class]: Bean instantiation via factory method failed; nested exception is org.springframework.beans.BeanInstantiationException: Failed to instantiate [org.apache.ibatis.session.SqlSessionFactory]: Factory method 'sqlSessionFactory' threw exception; nested exception is java.lang.NoClassDefFoundError: org/mybatis/logging/LoggerFactory
2022-03-21 18:30:28.966  INFO 14904 --- [main] c.b.d.d.DynamicRoutingDataSource         : dynamic-datasource start closing ....
2022-03-21 18:30:28.966  INFO 14904 --- [main] com.zaxxer.hikari.HikariDataSource       : slave - Shutdown initiated...
2022-03-21 18:30:28.971  INFO 14904 --- [main] com.zaxxer.hikari.HikariDataSource       : slave - Shutdown completed.
2022-03-21 18:30:28.972  INFO 14904 --- [main] com.zaxxer.hikari.HikariDataSource       : master - Shutdown initiated...
2022-03-21 18:30:28.974  INFO 14904 --- [main] com.zaxxer.hikari.HikariDataSource       : master - Shutdown completed.
2022-03-21 18:30:28.975  INFO 14904 --- [main] c.b.d.d.DynamicRoutingDataSource         : dynamic-datasource all closed success,bye
2022-03-21 18:30:28.987  INFO 14904 --- [main] ConditionEvaluationReportLoggingListener : 

Error starting ApplicationContext. To display the conditions report re-run your application with 'debug' enabled.
2022-03-21 18:33:56.614  INFO 19912 --- [main] c.o.health.user.service.UserServiceTest  : Starting UserServiceTest on DESKTOP-3EUJQE3 with PID 19912 (started by 6E ALIENWARE in D:\li\work\code\springboot_oh\user)
2022-03-21 18:33:56.616 DEBUG 19912 --- [main] c.o.health.user.service.UserServiceTest  : Running with Spring Boot v2.3.5.RELEASE, Spring v5.2.10.RELEASE
2022-03-21 18:33:56.617  INFO 19912 --- [main] c.o.health.user.service.UserServiceTest  : No active profile set, falling back to default profiles: default
2022-03-21 18:33:57.438  INFO 19912 --- [main] .s.d.r.c.RepositoryConfigurationDelegate : Multiple Spring Data modules found, entering strict repository configuration mode!
2022-03-21 18:33:57.441  INFO 19912 --- [main] .s.d.r.c.RepositoryConfigurationDelegate : Bootstrapping Spring Data Redis repositories in DEFAULT mode.
2022-03-21 18:33:57.481  INFO 19912 --- [main] .s.d.r.c.RepositoryConfigurationDelegate : Finished Spring Data repository scanning in 23ms. Found 0 Redis repository interfaces.
2022-03-21 18:33:58.101  INFO 19912 --- [main] trationDelegate$BeanPostProcessorChecker : Bean 'spring.datasource.dynamic-com.baomidou.dynamic.datasource.spring.boot.autoconfigure.DynamicDataSourceProperties' of type [com.baomidou.dynamic.datasource.spring.boot.autoconfigure.DynamicDataSourceProperties] is not eligible for getting processed by all BeanPostProcessors (for example: not eligible for auto-proxying)
2022-03-21 18:33:58.112  INFO 19912 --- [main] trationDelegate$BeanPostProcessorChecker : Bean 'com.baomidou.dynamic.datasource.spring.boot.autoconfigure.DynamicDataSourceAutoConfiguration' of type [com.baomidou.dynamic.datasource.spring.boot.autoconfigure.DynamicDataSourceAutoConfiguration$$EnhancerBySpringCGLIB$$af972d32] is not eligible for getting processed by all BeanPostProcessors (for example: not eligible for auto-proxying)
2022-03-21 18:33:58.280  INFO 19912 --- [main] trationDelegate$BeanPostProcessorChecker : Bean 'dsProcessor' of type [com.baomidou.dynamic.datasource.processor.DsHeaderProcessor] is not eligible for getting processed by all BeanPostProcessors (for example: not eligible for auto-proxying)
2022-03-21 18:33:58.610  INFO 19912 --- [main] com.zaxxer.hikari.HikariDataSource       : master - Starting...
2022-03-21 18:33:58.897  INFO 19912 --- [main] com.zaxxer.hikari.HikariDataSource       : master - Start completed.
2022-03-21 18:33:58.900  INFO 19912 --- [main] com.zaxxer.hikari.HikariDataSource       : slave - Starting...
2022-03-21 18:33:58.907  INFO 19912 --- [main] com.zaxxer.hikari.HikariDataSource       : slave - Start completed.
2022-03-21 18:33:58.907  INFO 19912 --- [main] c.b.d.d.DynamicRoutingDataSource         : dynamic-datasource - add a datasource named [slave] success
2022-03-21 18:33:58.908  INFO 19912 --- [main] c.b.d.d.DynamicRoutingDataSource         : dynamic-datasource - add a datasource named [master] success
2022-03-21 18:33:58.908  INFO 19912 --- [main] c.b.d.d.DynamicRoutingDataSource         : dynamic-datasource initial loaded [2] datasource,primary datasource named [master]
2022-03-21 18:34:00.257  INFO 19912 --- [main] o.s.s.concurrent.ThreadPoolTaskExecutor  : Initializing ExecutorService 'applicationTaskExecutor'
2022-03-21 18:34:01.446  INFO 19912 --- [main] c.o.health.user.service.UserServiceTest  : Started UserServiceTest in 5.419 seconds (JVM running for 8.096)
2022-03-21 18:34:02.029 DEBUG 19912 --- [main] c.o.h.user.mapper.UserMapper.insert      : ==>  Preparing: INSERT INTO pub_user ( name, email, tel, blood_type, passw, equ_code ) VALUES ( ?, ?, ?, ?, ?, ? ) 
2022-03-21 18:34:02.066 DEBUG 19912 --- [main] c.o.h.user.mapper.UserMapper.insert      : ==> Parameters: testSave3(String), testSave3@xkcoding.com(String), 17300000003(String), 1(String), 6ebb59798a31f69230673bda4c0f8045(String), 146342be659f485286a2a0ba316094bc(String)
2022-03-21 18:34:02.238  INFO 19912 --- [SpringContextShutdownHook] o.s.s.concurrent.ThreadPoolTaskExecutor  : Shutting down ExecutorService 'applicationTaskExecutor'
2022-03-21 18:34:02.239  INFO 19912 --- [SpringContextShutdownHook] c.b.d.d.DynamicRoutingDataSource         : dynamic-datasource start closing ....
2022-03-21 18:34:02.240  INFO 19912 --- [SpringContextShutdownHook] com.zaxxer.hikari.HikariDataSource       : slave - Shutdown initiated...
2022-03-21 18:34:02.251  INFO 19912 --- [SpringContextShutdownHook] com.zaxxer.hikari.HikariDataSource       : slave - Shutdown completed.
2022-03-21 18:34:02.252  INFO 19912 --- [SpringContextShutdownHook] com.zaxxer.hikari.HikariDataSource       : master - Shutdown initiated...
2022-03-21 18:34:02.261  INFO 19912 --- [SpringContextShutdownHook] com.zaxxer.hikari.HikariDataSource       : master - Shutdown completed.
2022-03-21 18:34:02.261  INFO 19912 --- [SpringContextShutdownHook] c.b.d.d.DynamicRoutingDataSource         : dynamic-datasource all closed success,bye
2022-03-21 19:14:11.891  INFO 19336 --- [main] c.o.health.user.service.UserServiceTest  : Starting UserServiceTest on DESKTOP-3EUJQE3 with PID 19336 (started by 6E ALIENWARE in D:\li\work\code\springboot_oh\user)
2022-03-21 19:14:11.893 DEBUG 19336 --- [main] c.o.health.user.service.UserServiceTest  : Running with Spring Boot v2.3.5.RELEASE, Spring v5.2.10.RELEASE
2022-03-21 19:14:11.894  INFO 19336 --- [main] c.o.health.user.service.UserServiceTest  : No active profile set, falling back to default profiles: default
2022-03-21 19:14:12.855  INFO 19336 --- [main] .s.d.r.c.RepositoryConfigurationDelegate : Multiple Spring Data modules found, entering strict repository configuration mode!
2022-03-21 19:14:12.860  INFO 19336 --- [main] .s.d.r.c.RepositoryConfigurationDelegate : Bootstrapping Spring Data Redis repositories in DEFAULT mode.
2022-03-21 19:14:12.906  INFO 19336 --- [main] .s.d.r.c.RepositoryConfigurationDelegate : Finished Spring Data repository scanning in 25ms. Found 0 Redis repository interfaces.
2022-03-21 19:14:13.623  INFO 19336 --- [main] trationDelegate$BeanPostProcessorChecker : Bean 'spring.datasource.dynamic-com.baomidou.dynamic.datasource.spring.boot.autoconfigure.DynamicDataSourceProperties' of type [com.baomidou.dynamic.datasource.spring.boot.autoconfigure.DynamicDataSourceProperties] is not eligible for getting processed by all BeanPostProcessors (for example: not eligible for auto-proxying)
2022-03-21 19:14:13.634  INFO 19336 --- [main] trationDelegate$BeanPostProcessorChecker : Bean 'com.baomidou.dynamic.datasource.spring.boot.autoconfigure.DynamicDataSourceAutoConfiguration' of type [com.baomidou.dynamic.datasource.spring.boot.autoconfigure.DynamicDataSourceAutoConfiguration$$EnhancerBySpringCGLIB$$3acb1c03] is not eligible for getting processed by all BeanPostProcessors (for example: not eligible for auto-proxying)
2022-03-21 19:14:13.852  INFO 19336 --- [main] trationDelegate$BeanPostProcessorChecker : Bean 'dsProcessor' of type [com.baomidou.dynamic.datasource.processor.DsHeaderProcessor] is not eligible for getting processed by all BeanPostProcessors (for example: not eligible for auto-proxying)
2022-03-21 19:14:14.215  INFO 19336 --- [main] com.zaxxer.hikari.HikariDataSource       : master - Starting...
2022-03-21 19:14:14.516  INFO 19336 --- [main] com.zaxxer.hikari.HikariDataSource       : master - Start completed.
2022-03-21 19:14:14.520  INFO 19336 --- [main] com.zaxxer.hikari.HikariDataSource       : slave - Starting...
2022-03-21 19:14:14.527  INFO 19336 --- [main] com.zaxxer.hikari.HikariDataSource       : slave - Start completed.
2022-03-21 19:14:14.527  INFO 19336 --- [main] c.b.d.d.DynamicRoutingDataSource         : dynamic-datasource - add a datasource named [slave] success
2022-03-21 19:14:14.528  INFO 19336 --- [main] c.b.d.d.DynamicRoutingDataSource         : dynamic-datasource - add a datasource named [master] success
2022-03-21 19:14:14.528  INFO 19336 --- [main] c.b.d.d.DynamicRoutingDataSource         : dynamic-datasource initial loaded [2] datasource,primary datasource named [master]
2022-03-21 19:14:15.794  INFO 19336 --- [main] o.s.s.concurrent.ThreadPoolTaskExecutor  : Initializing ExecutorService 'applicationTaskExecutor'
2022-03-21 19:14:17.079  INFO 19336 --- [main] c.o.health.user.service.UserServiceTest  : Started UserServiceTest in 5.937 seconds (JVM running for 7.984)
2022-03-21 19:14:17.736 DEBUG 19336 --- [main] c.o.h.user.mapper.UserMapper.insert      : ==>  Preparing: INSERT INTO pub_user ( name, email, tel, address, blood_type, passw ) VALUES ( ?, ?, ?, ?, ?, ? ) 
2022-03-21 19:14:17.778 DEBUG 19336 --- [main] c.o.h.user.mapper.UserMapper.insert      : ==> Parameters: testSave3(String), testSave3@xkcoding.com(String), 17300000003(String), ab55ed2e17cc499ebf2fa1120e8cea91(String), 1(String), 5e36cb0d2c136d9c46382c6dd41c0c9d(String)
2022-03-21 19:14:17.920  INFO 19336 --- [SpringContextShutdownHook] o.s.s.concurrent.ThreadPoolTaskExecutor  : Shutting down ExecutorService 'applicationTaskExecutor'
2022-03-21 19:14:17.921  INFO 19336 --- [SpringContextShutdownHook] c.b.d.d.DynamicRoutingDataSource         : dynamic-datasource start closing ....
2022-03-21 19:14:17.922  INFO 19336 --- [SpringContextShutdownHook] com.zaxxer.hikari.HikariDataSource       : slave - Shutdown initiated...
2022-03-21 19:14:17.932  INFO 19336 --- [SpringContextShutdownHook] com.zaxxer.hikari.HikariDataSource       : slave - Shutdown completed.
2022-03-21 19:14:17.933  INFO 19336 --- [SpringContextShutdownHook] com.zaxxer.hikari.HikariDataSource       : master - Shutdown initiated...
2022-03-21 19:14:17.942  INFO 19336 --- [SpringContextShutdownHook] com.zaxxer.hikari.HikariDataSource       : master - Shutdown completed.
2022-03-21 19:14:17.942  INFO 19336 --- [SpringContextShutdownHook] c.b.d.d.DynamicRoutingDataSource         : dynamic-datasource all closed success,bye
2022-03-21 19:42:55.126  INFO 24488 --- [main] c.o.health.user.service.UserServiceTest  : Starting UserServiceTest on DESKTOP-3EUJQE3 with PID 24488 (started by 6E ALIENWARE in D:\li\work\code\springboot_oh\user)
2022-03-21 19:42:55.128 DEBUG 24488 --- [main] c.o.health.user.service.UserServiceTest  : Running with Spring Boot v2.3.5.RELEASE, Spring v5.2.10.RELEASE
2022-03-21 19:42:55.128  INFO 24488 --- [main] c.o.health.user.service.UserServiceTest  : No active profile set, falling back to default profiles: default
2022-03-21 19:42:56.043  INFO 24488 --- [main] .s.d.r.c.RepositoryConfigurationDelegate : Multiple Spring Data modules found, entering strict repository configuration mode!
2022-03-21 19:42:56.047  INFO 24488 --- [main] .s.d.r.c.RepositoryConfigurationDelegate : Bootstrapping Spring Data Redis repositories in DEFAULT mode.
2022-03-21 19:42:56.092  INFO 24488 --- [main] .s.d.r.c.RepositoryConfigurationDelegate : Finished Spring Data repository scanning in 23ms. Found 0 Redis repository interfaces.
2022-03-21 19:42:56.803  INFO 24488 --- [main] trationDelegate$BeanPostProcessorChecker : Bean 'spring.datasource.dynamic-com.baomidou.dynamic.datasource.spring.boot.autoconfigure.DynamicDataSourceProperties' of type [com.baomidou.dynamic.datasource.spring.boot.autoconfigure.DynamicDataSourceProperties] is not eligible for getting processed by all BeanPostProcessors (for example: not eligible for auto-proxying)
2022-03-21 19:42:56.814  INFO 24488 --- [main] trationDelegate$BeanPostProcessorChecker : Bean 'com.baomidou.dynamic.datasource.spring.boot.autoconfigure.DynamicDataSourceAutoConfiguration' of type [com.baomidou.dynamic.datasource.spring.boot.autoconfigure.DynamicDataSourceAutoConfiguration$$EnhancerBySpringCGLIB$$f627af2c] is not eligible for getting processed by all BeanPostProcessors (for example: not eligible for auto-proxying)
2022-03-21 19:42:57.017  INFO 24488 --- [main] trationDelegate$BeanPostProcessorChecker : Bean 'dsProcessor' of type [com.baomidou.dynamic.datasource.processor.DsHeaderProcessor] is not eligible for getting processed by all BeanPostProcessors (for example: not eligible for auto-proxying)
2022-03-21 19:42:57.323  INFO 24488 --- [main] com.zaxxer.hikari.HikariDataSource       : master - Starting...
2022-03-21 19:42:57.585  INFO 24488 --- [main] com.zaxxer.hikari.HikariDataSource       : master - Start completed.
2022-03-21 19:42:57.587  INFO 24488 --- [main] com.zaxxer.hikari.HikariDataSource       : slave - Starting...
2022-03-21 19:42:57.594  INFO 24488 --- [main] com.zaxxer.hikari.HikariDataSource       : slave - Start completed.
2022-03-21 19:42:57.595  INFO 24488 --- [main] c.b.d.d.DynamicRoutingDataSource         : dynamic-datasource - add a datasource named [slave] success
2022-03-21 19:42:57.595  INFO 24488 --- [main] c.b.d.d.DynamicRoutingDataSource         : dynamic-datasource - add a datasource named [master] success
2022-03-21 19:42:57.595  INFO 24488 --- [main] c.b.d.d.DynamicRoutingDataSource         : dynamic-datasource initial loaded [2] datasource,primary datasource named [master]
2022-03-21 19:42:58.861  INFO 24488 --- [main] o.s.s.concurrent.ThreadPoolTaskExecutor  : Initializing ExecutorService 'applicationTaskExecutor'
2022-03-21 19:43:00.419  INFO 24488 --- [main] c.o.health.user.service.UserServiceTest  : Started UserServiceTest in 6.022 seconds (JVM running for 8.1)
2022-03-21 19:43:01.402 DEBUG 24488 --- [main] c.o.h.user.mapper.UserMapper.insert      : ==>  Preparing: INSERT INTO pub_user ( name, email, tel, address, blood_type, passw ) VALUES ( ?, ?, ?, ?, ?, ? ) 
2022-03-21 19:43:01.453 DEBUG 24488 --- [main] c.o.h.user.mapper.UserMapper.insert      : ==> Parameters: testSave3(String), testSave3@xkcoding.com(String), 17300000003(String), a89d2d3e129d49efaf7802b7611186bd(String), 1(String), c3ede9438c5105b7b21be844a81f8eb5(String)
2022-03-21 19:43:01.619  INFO 24488 --- [SpringContextShutdownHook] o.s.s.concurrent.ThreadPoolTaskExecutor  : Shutting down ExecutorService 'applicationTaskExecutor'
2022-03-21 19:43:01.624  INFO 24488 --- [SpringContextShutdownHook] c.b.d.d.DynamicRoutingDataSource         : dynamic-datasource start closing ....
2022-03-21 19:43:01.625  INFO 24488 --- [SpringContextShutdownHook] com.zaxxer.hikari.HikariDataSource       : slave - Shutdown initiated...
2022-03-21 19:43:01.638  INFO 24488 --- [SpringContextShutdownHook] com.zaxxer.hikari.HikariDataSource       : slave - Shutdown completed.
2022-03-21 19:43:01.638  INFO 24488 --- [SpringContextShutdownHook] com.zaxxer.hikari.HikariDataSource       : master - Shutdown initiated...
2022-03-21 19:43:01.649  INFO 24488 --- [SpringContextShutdownHook] com.zaxxer.hikari.HikariDataSource       : master - Shutdown completed.
2022-03-21 19:43:01.650  INFO 24488 --- [SpringContextShutdownHook] c.b.d.d.DynamicRoutingDataSource         : dynamic-datasource all closed success,bye
2022-03-21 19:43:26.860  INFO 26448 --- [main] c.o.health.user.service.UserServiceTest  : Starting UserServiceTest on DESKTOP-3EUJQE3 with PID 26448 (started by 6E ALIENWARE in D:\li\work\code\springboot_oh\user)
2022-03-21 19:43:26.861 DEBUG 26448 --- [main] c.o.health.user.service.UserServiceTest  : Running with Spring Boot v2.3.5.RELEASE, Spring v5.2.10.RELEASE
2022-03-21 19:43:26.862  INFO 26448 --- [main] c.o.health.user.service.UserServiceTest  : No active profile set, falling back to default profiles: default
2022-03-21 19:43:27.859  INFO 26448 --- [main] .s.d.r.c.RepositoryConfigurationDelegate : Multiple Spring Data modules found, entering strict repository configuration mode!
2022-03-21 19:43:27.863  INFO 26448 --- [main] .s.d.r.c.RepositoryConfigurationDelegate : Bootstrapping Spring Data Redis repositories in DEFAULT mode.
2022-03-21 19:43:27.911  INFO 26448 --- [main] .s.d.r.c.RepositoryConfigurationDelegate : Finished Spring Data repository scanning in 24ms. Found 0 Redis repository interfaces.
2022-03-21 19:43:28.665  INFO 26448 --- [main] trationDelegate$BeanPostProcessorChecker : Bean 'spring.datasource.dynamic-com.baomidou.dynamic.datasource.spring.boot.autoconfigure.DynamicDataSourceProperties' of type [com.baomidou.dynamic.datasource.spring.boot.autoconfigure.DynamicDataSourceProperties] is not eligible for getting processed by all BeanPostProcessors (for example: not eligible for auto-proxying)
2022-03-21 19:43:28.677  INFO 26448 --- [main] trationDelegate$BeanPostProcessorChecker : Bean 'com.baomidou.dynamic.datasource.spring.boot.autoconfigure.DynamicDataSourceAutoConfiguration' of type [com.baomidou.dynamic.datasource.spring.boot.autoconfigure.DynamicDataSourceAutoConfiguration$$EnhancerBySpringCGLIB$$961c6e36] is not eligible for getting processed by all BeanPostProcessors (for example: not eligible for auto-proxying)
2022-03-21 19:43:28.890  INFO 26448 --- [main] trationDelegate$BeanPostProcessorChecker : Bean 'dsProcessor' of type [com.baomidou.dynamic.datasource.processor.DsHeaderProcessor] is not eligible for getting processed by all BeanPostProcessors (for example: not eligible for auto-proxying)
2022-03-21 19:43:29.243  INFO 26448 --- [main] com.zaxxer.hikari.HikariDataSource       : master - Starting...
2022-03-21 19:43:29.554  INFO 26448 --- [main] com.zaxxer.hikari.HikariDataSource       : master - Start completed.
2022-03-21 19:43:29.558  INFO 26448 --- [main] com.zaxxer.hikari.HikariDataSource       : slave - Starting...
2022-03-21 19:43:29.589  INFO 26448 --- [main] com.zaxxer.hikari.HikariDataSource       : slave - Start completed.
2022-03-21 19:43:29.589  INFO 26448 --- [main] c.b.d.d.DynamicRoutingDataSource         : dynamic-datasource - add a datasource named [slave] success
2022-03-21 19:43:29.590  INFO 26448 --- [main] c.b.d.d.DynamicRoutingDataSource         : dynamic-datasource - add a datasource named [master] success
2022-03-21 19:43:29.590  INFO 26448 --- [main] c.b.d.d.DynamicRoutingDataSource         : dynamic-datasource initial loaded [2] datasource,primary datasource named [master]
2022-03-21 19:43:30.811  INFO 26448 --- [main] o.s.s.concurrent.ThreadPoolTaskExecutor  : Initializing ExecutorService 'applicationTaskExecutor'
2022-03-21 19:43:32.086  INFO 26448 --- [main] c.o.health.user.service.UserServiceTest  : Started UserServiceTest in 5.948 seconds (JVM running for 8.053)
2022-03-21 19:43:32.953 DEBUG 26448 --- [main] c.o.h.user.mapper.UserMapper.insert      : ==>  Preparing: INSERT INTO pub_user ( code, name, email, tel, address, blood_type, passw ) VALUES ( ?, ?, ?, ?, ?, ?, ? ) 
2022-03-21 19:43:32.996 DEBUG 26448 --- [main] c.o.h.user.mapper.UserMapper.insert      : ==> Parameters: 865db8facaac48d4b3d4b463ce51a827(String), testSave3(String), testSave3@xkcoding.com(String), 17300000003(String), d9e3b7c7f34446de929657b496fa7773(String), 1(String), ced92d762771ae7a4bff6e4e6db66694(String)
2022-03-21 19:43:33.104 DEBUG 26448 --- [main] c.o.h.user.mapper.UserMapper.insert      : <==    Updates: 1
2022-03-21 19:43:33.133 DEBUG 26448 --- [main] c.o.health.user.service.UserServiceTest  : id#testSave3.getId()= 2000000013
2022-03-21 19:43:33.169  INFO 26448 --- [SpringContextShutdownHook] o.s.s.concurrent.ThreadPoolTaskExecutor  : Shutting down ExecutorService 'applicationTaskExecutor'
2022-03-21 19:43:33.170  INFO 26448 --- [SpringContextShutdownHook] c.b.d.d.DynamicRoutingDataSource         : dynamic-datasource start closing ....
2022-03-21 19:43:33.171  INFO 26448 --- [SpringContextShutdownHook] com.zaxxer.hikari.HikariDataSource       : slave - Shutdown initiated...
2022-03-21 19:43:33.180  INFO 26448 --- [SpringContextShutdownHook] com.zaxxer.hikari.HikariDataSource       : slave - Shutdown completed.
2022-03-21 19:43:33.181  INFO 26448 --- [SpringContextShutdownHook] com.zaxxer.hikari.HikariDataSource       : master - Shutdown initiated...
2022-03-21 19:43:33.188  INFO 26448 --- [SpringContextShutdownHook] com.zaxxer.hikari.HikariDataSource       : master - Shutdown completed.
2022-03-21 19:43:33.188  INFO 26448 --- [SpringContextShutdownHook] c.b.d.d.DynamicRoutingDataSource         : dynamic-datasource all closed success,bye
